[6.134s] Invoking command in '/home/amanda/Documents/M8/grupo2/src/workspace/src/navigation': PYTHONPATH=/home/amanda/Documents/M8/grupo2/build/navigation/prefix_override:/home/amanda/Documents/M8/grupo2/install/navigation/lib/python3.10/site-packages:${PYTHONPATH} /usr/bin/python3 setup.py egg_info --egg-base ../../../../build/navigation build --build-base /home/amanda/Documents/M8/grupo2/build/navigation/build install --record /home/amanda/Documents/M8/grupo2/build/navigation/install.log --single-version-externally-managed
[7.293s] running egg_info
[7.345s] writing ../../../../build/navigation/navigation.egg-info/PKG-INFO
[7.345s] writing dependency_links to ../../../../build/navigation/navigation.egg-info/dependency_links.txt
[7.345s] writing entry points to ../../../../build/navigation/navigation.egg-info/entry_points.txt
[7.345s] writing requirements to ../../../../build/navigation/navigation.egg-info/requires.txt
[7.346s] writing top-level names to ../../../../build/navigation/navigation.egg-info/top_level.txt
[7.445s] reading manifest file '../../../../build/navigation/navigation.egg-info/SOURCES.txt'
[7.447s] writing manifest file '../../../../build/navigation/navigation.egg-info/SOURCES.txt'
[7.448s] running build
[7.448s] running build_py
[7.449s] copying navigation/navigation.py -> /home/amanda/Documents/M8/grupo2/build/navigation/build/lib/navigation
[7.449s] copying navigation/__init__.py -> /home/amanda/Documents/M8/grupo2/build/navigation/build/lib/navigation
[7.453s] running install
[7.453s] /home/amanda/.local/lib/python3.10/site-packages/setuptools/_distutils/cmd.py:66: SetuptoolsDeprecationWarning: setup.py install is deprecated.
[7.453s] !!
[7.454s] 
[7.454s]         ********************************************************************************
[7.454s]         Please avoid running ``setup.py`` directly.
[7.454s]         Instead, use pypa/build, pypa/installer or other
[7.454s]         standards-based tools.
[7.455s] 
[7.455s]         See https://blog.ganssle.io/articles/2021/10/setup-py-deprecated.html for details.
[7.455s]         ********************************************************************************
[7.455s] 
[7.455s] !!
[7.455s]   self.initialize_options()
[7.484s] running install_lib
[7.544s] running install_data
[7.593s] copying resource/navigation -> /home/amanda/Documents/M8/grupo2/install/navigation/share/ament_index/resource_index/packages
[7.593s] copying package.xml -> /home/amanda/Documents/M8/grupo2/install/navigation/share/navigation
[7.593s] running install_egg_info
[7.661s] removing '/home/amanda/Documents/M8/grupo2/install/navigation/lib/python3.10/site-packages/navigation-0.0.0-py3.10.egg-info' (and everything under it)
[7.661s] Copying ../../../../build/navigation/navigation.egg-info to /home/amanda/Documents/M8/grupo2/install/navigation/lib/python3.10/site-packages/navigation-0.0.0-py3.10.egg-info
[7.661s] running install_scripts
[7.793s] Installing navigation script to /home/amanda/Documents/M8/grupo2/install/navigation/lib/navigation
[7.794s] writing list of installed files to '/home/amanda/Documents/M8/grupo2/build/navigation/install.log'
[7.950s] Invoked command in '/home/amanda/Documents/M8/grupo2/src/workspace/src/navigation' returned '0': PYTHONPATH=/home/amanda/Documents/M8/grupo2/build/navigation/prefix_override:/home/amanda/Documents/M8/grupo2/install/navigation/lib/python3.10/site-packages:${PYTHONPATH} /usr/bin/python3 setup.py egg_info --egg-base ../../../../build/navigation build --build-base /home/amanda/Documents/M8/grupo2/build/navigation/build install --record /home/amanda/Documents/M8/grupo2/build/navigation/install.log --single-version-externally-managed
