[2.352s] Invoking command in '/home/amanda/Documents/M8/grupo2/src/workspace/src/navigation': PYTHONPATH=/home/amanda/Documents/M8/grupo2/build/navigation/prefix_override:/home/amanda/Documents/M8/grupo2/install/navigation/lib/python3.10/site-packages:${PYTHONPATH} /usr/bin/python3 setup.py egg_info --egg-base ../../../../build/navigation build --build-base /home/amanda/Documents/M8/grupo2/build/navigation/build install --record /home/amanda/Documents/M8/grupo2/build/navigation/install.log --single-version-externally-managed
[2.973s] running egg_info
[3.007s] writing ../../../../build/navigation/navigation.egg-info/PKG-INFO
[3.007s] writing dependency_links to ../../../../build/navigation/navigation.egg-info/dependency_links.txt
[3.008s] writing entry points to ../../../../build/navigation/navigation.egg-info/entry_points.txt
[3.008s] writing requirements to ../../../../build/navigation/navigation.egg-info/requires.txt
[3.008s] writing top-level names to ../../../../build/navigation/navigation.egg-info/top_level.txt
[3.076s] reading manifest file '../../../../build/navigation/navigation.egg-info/SOURCES.txt'
[3.078s] writing manifest file '../../../../build/navigation/navigation.egg-info/SOURCES.txt'
[3.078s] running build
[3.078s] running build_py
[3.078s] copying navigation/navigation.py -> /home/amanda/Documents/M8/grupo2/build/navigation/build/lib/navigation
[3.079s] copying navigation/__init__.py -> /home/amanda/Documents/M8/grupo2/build/navigation/build/lib/navigation
[3.079s] running install
[3.079s] /home/amanda/.local/lib/python3.10/site-packages/setuptools/_distutils/cmd.py:66: SetuptoolsDeprecationWarning: setup.py install is deprecated.
[3.080s] !!
[3.080s] 
[3.080s]         ********************************************************************************
[3.080s]         Please avoid running ``setup.py`` directly.
[3.080s]         Instead, use pypa/build, pypa/installer or other
[3.080s]         standards-based tools.
[3.081s] 
[3.081s]         See https://blog.ganssle.io/articles/2021/10/setup-py-deprecated.html for details.
[3.081s]         ********************************************************************************
[3.081s] 
[3.081s] !!
[3.081s]   self.initialize_options()
[3.090s] running install_lib
[3.122s] running install_data
[3.151s] copying resource/navigation -> /home/amanda/Documents/M8/grupo2/install/navigation/share/ament_index/resource_index/packages
[3.151s] copying package.xml -> /home/amanda/Documents/M8/grupo2/install/navigation/share/navigation
[3.152s] running install_egg_info
[3.188s] removing '/home/amanda/Documents/M8/grupo2/install/navigation/lib/python3.10/site-packages/navigation-0.0.0-py3.10.egg-info' (and everything under it)
[3.188s] Copying ../../../../build/navigation/navigation.egg-info to /home/amanda/Documents/M8/grupo2/install/navigation/lib/python3.10/site-packages/navigation-0.0.0-py3.10.egg-info
[3.189s] running install_scripts
[3.276s] Installing navigation script to /home/amanda/Documents/M8/grupo2/install/navigation/lib/navigation
[3.277s] writing list of installed files to '/home/amanda/Documents/M8/grupo2/build/navigation/install.log'
[3.340s] Invoked command in '/home/amanda/Documents/M8/grupo2/src/workspace/src/navigation' returned '0': PYTHONPATH=/home/amanda/Documents/M8/grupo2/build/navigation/prefix_override:/home/amanda/Documents/M8/grupo2/install/navigation/lib/python3.10/site-packages:${PYTHONPATH} /usr/bin/python3 setup.py egg_info --egg-base ../../../../build/navigation build --build-base /home/amanda/Documents/M8/grupo2/build/navigation/build install --record /home/amanda/Documents/M8/grupo2/build/navigation/install.log --single-version-externally-managed
