[1.280s] Invoking command in '/home/eduardoporto/github/grupo2-1/src/workspace/src/navigation': PYTHONPATH=/home/eduardoporto/github/grupo2-1/src/workspace/src/build/navigation/prefix_override:/home/eduardoporto/github/grupo2-1/src/workspace/src/install/navigation/lib/python3.10/site-packages:${PYTHONPATH} /usr/bin/python3 setup.py egg_info --egg-base ../build/navigation build --build-base /home/eduardoporto/github/grupo2-1/src/workspace/src/build/navigation/build install --record /home/eduardoporto/github/grupo2-1/src/workspace/src/build/navigation/install.log --single-version-externally-managed
[1.568s] running egg_info
[1.569s] writing ../build/navigation/navigation.egg-info/PKG-INFO
[1.569s] writing dependency_links to ../build/navigation/navigation.egg-info/dependency_links.txt
[1.569s] writing entry points to ../build/navigation/navigation.egg-info/entry_points.txt
[1.569s] writing requirements to ../build/navigation/navigation.egg-info/requires.txt
[1.569s] writing top-level names to ../build/navigation/navigation.egg-info/top_level.txt
[1.571s] reading manifest file '../build/navigation/navigation.egg-info/SOURCES.txt'
[1.572s] writing manifest file '../build/navigation/navigation.egg-info/SOURCES.txt'
[1.572s] running build
[1.572s] running build_py
[1.572s] running install
[1.572s] /usr/lib/python3/dist-packages/setuptools/command/install.py:34: SetuptoolsDeprecationWarning: setup.py install is deprecated. Use build and pip and other standards-based tools.
[1.572s]   warnings.warn(
[1.572s] running install_lib
[1.573s] running install_data
[1.574s] running install_egg_info
[1.576s] removing '/home/eduardoporto/github/grupo2-1/src/workspace/src/install/navigation/lib/python3.10/site-packages/navigation-0.0.0-py3.10.egg-info' (and everything under it)
[1.576s] Copying ../build/navigation/navigation.egg-info to /home/eduardoporto/github/grupo2-1/src/workspace/src/install/navigation/lib/python3.10/site-packages/navigation-0.0.0-py3.10.egg-info
[1.577s] running install_scripts
[1.601s] Installing waypoint_listener script to /home/eduardoporto/github/grupo2-1/src/workspace/src/install/navigation/lib/navigation
[1.601s] Installing waypoint_publisher script to /home/eduardoporto/github/grupo2-1/src/workspace/src/install/navigation/lib/navigation
[1.601s] writing list of installed files to '/home/eduardoporto/github/grupo2-1/src/workspace/src/build/navigation/install.log'
[1.640s] Invoked command in '/home/eduardoporto/github/grupo2-1/src/workspace/src/navigation' returned '0': PYTHONPATH=/home/eduardoporto/github/grupo2-1/src/workspace/src/build/navigation/prefix_override:/home/eduardoporto/github/grupo2-1/src/workspace/src/install/navigation/lib/python3.10/site-packages:${PYTHONPATH} /usr/bin/python3 setup.py egg_info --egg-base ../build/navigation build --build-base /home/eduardoporto/github/grupo2-1/src/workspace/src/build/navigation/build install --record /home/eduardoporto/github/grupo2-1/src/workspace/src/build/navigation/install.log --single-version-externally-managed
