[0.792s] Invoking command in '/home/eduardoporto/github/grupo2-1/src/workspace/src/navigation': PYTHONPATH=/home/eduardoporto/github/grupo2-1/build/navigation/prefix_override:/home/eduardoporto/github/grupo2-1/install/navigation/lib/python3.10/site-packages:${PYTHONPATH} /usr/bin/python3 setup.py egg_info --egg-base ../../../../build/navigation build --build-base /home/eduardoporto/github/grupo2-1/build/navigation/build install --record /home/eduardoporto/github/grupo2-1/build/navigation/install.log --single-version-externally-managed
[0.977s] running egg_info
[0.977s] creating ../../../../build/navigation/navigation.egg-info
[0.977s] writing ../../../../build/navigation/navigation.egg-info/PKG-INFO
[0.978s] writing dependency_links to ../../../../build/navigation/navigation.egg-info/dependency_links.txt
[0.978s] writing entry points to ../../../../build/navigation/navigation.egg-info/entry_points.txt
[0.978s] writing requirements to ../../../../build/navigation/navigation.egg-info/requires.txt
[0.978s] writing top-level names to ../../../../build/navigation/navigation.egg-info/top_level.txt
[0.978s] writing manifest file '../../../../build/navigation/navigation.egg-info/SOURCES.txt'
[0.979s] reading manifest file '../../../../build/navigation/navigation.egg-info/SOURCES.txt'
[0.980s] writing manifest file '../../../../build/navigation/navigation.egg-info/SOURCES.txt'
[0.981s] running build
[0.981s] running build_py
[0.981s] creating /home/eduardoporto/github/grupo2-1/build/navigation/build
[0.981s] creating /home/eduardoporto/github/grupo2-1/build/navigation/build/lib
[0.981s] creating /home/eduardoporto/github/grupo2-1/build/navigation/build/lib/navigation
[0.981s] copying navigation/navigation.py -> /home/eduardoporto/github/grupo2-1/build/navigation/build/lib/navigation
[0.981s] copying navigation/__init__.py -> /home/eduardoporto/github/grupo2-1/build/navigation/build/lib/navigation
[0.981s] running install
[0.981s] /usr/lib/python3/dist-packages/setuptools/command/install.py:34: SetuptoolsDeprecationWarning: setup.py install is deprecated. Use build and pip and other standards-based tools.
[0.981s]   warnings.warn(
[0.982s] running install_lib
[0.982s] creating /home/eduardoporto/github/grupo2-1/install/navigation/lib/python3.10/site-packages/navigation
[0.982s] copying /home/eduardoporto/github/grupo2-1/build/navigation/build/lib/navigation/navigation.py -> /home/eduardoporto/github/grupo2-1/install/navigation/lib/python3.10/site-packages/navigation
[0.983s] copying /home/eduardoporto/github/grupo2-1/build/navigation/build/lib/navigation/__init__.py -> /home/eduardoporto/github/grupo2-1/install/navigation/lib/python3.10/site-packages/navigation
[0.983s] byte-compiling /home/eduardoporto/github/grupo2-1/install/navigation/lib/python3.10/site-packages/navigation/navigation.py to navigation.cpython-310.pyc
[0.984s] byte-compiling /home/eduardoporto/github/grupo2-1/install/navigation/lib/python3.10/site-packages/navigation/__init__.py to __init__.cpython-310.pyc
[0.984s] running install_data
[0.984s] creating /home/eduardoporto/github/grupo2-1/install/navigation/share/ament_index
[0.985s] creating /home/eduardoporto/github/grupo2-1/install/navigation/share/ament_index/resource_index
[0.985s] creating /home/eduardoporto/github/grupo2-1/install/navigation/share/ament_index/resource_index/packages
[0.985s] copying resource/navigation -> /home/eduardoporto/github/grupo2-1/install/navigation/share/ament_index/resource_index/packages
[0.985s] copying package.xml -> /home/eduardoporto/github/grupo2-1/install/navigation/share/navigation
[0.985s] creating /home/eduardoporto/github/grupo2-1/install/navigation/share/navigation/launch
[0.985s] copying launch/navigation_launch.py -> /home/eduardoporto/github/grupo2-1/install/navigation/share/navigation/launch
[0.985s] running install_egg_info
[0.987s] Copying ../../../../build/navigation/navigation.egg-info to /home/eduardoporto/github/grupo2-1/install/navigation/lib/python3.10/site-packages/navigation-0.0.0-py3.10.egg-info
[0.988s] running install_scripts
[1.003s] Installing navigation script to /home/eduardoporto/github/grupo2-1/install/navigation/lib/navigation
[1.003s] writing list of installed files to '/home/eduardoporto/github/grupo2-1/build/navigation/install.log'
[1.023s] Invoked command in '/home/eduardoporto/github/grupo2-1/src/workspace/src/navigation' returned '0': PYTHONPATH=/home/eduardoporto/github/grupo2-1/build/navigation/prefix_override:/home/eduardoporto/github/grupo2-1/install/navigation/lib/python3.10/site-packages:${PYTHONPATH} /usr/bin/python3 setup.py egg_info --egg-base ../../../../build/navigation build --build-base /home/eduardoporto/github/grupo2-1/build/navigation/build install --record /home/eduardoporto/github/grupo2-1/build/navigation/install.log --single-version-externally-managed
