running egg_info
creating build/central/central.egg-info
writing build/central/central.egg-info/PKG-INFO
writing dependency_links to build/central/central.egg-info/dependency_links.txt
writing entry points to build/central/central.egg-info/entry_points.txt
writing requirements to build/central/central.egg-info/requires.txt
writing top-level names to build/central/central.egg-info/top_level.txt
writing manifest file 'build/central/central.egg-info/SOURCES.txt'
reading manifest file 'build/central/central.egg-info/SOURCES.txt'
writing manifest file 'build/central/central.egg-info/SOURCES.txt'
running build
running build_py
creating /home/antonio/Documents/grupo2/src/workspace/src/central/build/central/build
creating /home/antonio/Documents/grupo2/src/workspace/src/central/build/central/build/lib
creating /home/antonio/Documents/grupo2/src/workspace/src/central/build/central/build/lib/central
copying central/__init__.py -> /home/antonio/Documents/grupo2/src/workspace/src/central/build/central/build/lib/central
copying central/teste_pacote.py -> /home/antonio/Documents/grupo2/src/workspace/src/central/build/central/build/lib/central
running install
running install_lib
creating /home/antonio/Documents/grupo2/src/workspace/src/central/install/central/lib/python3.10/site-packages/central
copying /home/antonio/Documents/grupo2/src/workspace/src/central/build/central/build/lib/central/__init__.py -> /home/antonio/Documents/grupo2/src/workspace/src/central/install/central/lib/python3.10/site-packages/central
copying /home/antonio/Documents/grupo2/src/workspace/src/central/build/central/build/lib/central/teste_pacote.py -> /home/antonio/Documents/grupo2/src/workspace/src/central/install/central/lib/python3.10/site-packages/central
byte-compiling /home/antonio/Documents/grupo2/src/workspace/src/central/install/central/lib/python3.10/site-packages/central/__init__.py to __init__.cpython-310.pyc
byte-compiling /home/antonio/Documents/grupo2/src/workspace/src/central/install/central/lib/python3.10/site-packages/central/teste_pacote.py to teste_pacote.cpython-310.pyc
running install_data
creating /home/antonio/Documents/grupo2/src/workspace/src/central/install/central/share/ament_index
creating /home/antonio/Documents/grupo2/src/workspace/src/central/install/central/share/ament_index/resource_index
creating /home/antonio/Documents/grupo2/src/workspace/src/central/install/central/share/ament_index/resource_index/packages
copying resource/central -> /home/antonio/Documents/grupo2/src/workspace/src/central/install/central/share/ament_index/resource_index/packages
copying package.xml -> /home/antonio/Documents/grupo2/src/workspace/src/central/install/central/share/central
running install_egg_info
Copying build/central/central.egg-info to /home/antonio/Documents/grupo2/src/workspace/src/central/install/central/lib/python3.10/site-packages/central-0.0.0-py3.10.egg-info
running install_scripts
Installing teste_pacote script to /home/antonio/Documents/grupo2/src/workspace/src/central/install/central/lib/central
writing list of installed files to '/home/antonio/Documents/grupo2/src/workspace/src/central/build/central/install.log'
