[2.152s] Invoking command in '/home/amanda/Documents/M8/grupo2/src/workspace/src/navigation': PYTHONPATH=/home/amanda/Documents/M8/grupo2/build/navigation/prefix_override:/home/amanda/Documents/M8/grupo2/install/navigation/lib/python3.10/site-packages:${PYTHONPATH} /usr/bin/python3 setup.py egg_info --egg-base ../../../../build/navigation build --build-base /home/amanda/Documents/M8/grupo2/build/navigation/build install --record /home/amanda/Documents/M8/grupo2/build/navigation/install.log --single-version-externally-managed
[2.756s] running egg_info
[2.786s] writing ../../../../build/navigation/navigation.egg-info/PKG-INFO
[2.787s] writing dependency_links to ../../../../build/navigation/navigation.egg-info/dependency_links.txt
[2.787s] writing entry points to ../../../../build/navigation/navigation.egg-info/entry_points.txt
[2.788s] writing requirements to ../../../../build/navigation/navigation.egg-info/requires.txt
[2.788s] writing top-level names to ../../../../build/navigation/navigation.egg-info/top_level.txt
[2.845s] reading manifest file '../../../../build/navigation/navigation.egg-info/SOURCES.txt'
[2.846s] writing manifest file '../../../../build/navigation/navigation.egg-info/SOURCES.txt'
[2.846s] running build
[2.847s] running build_py
[2.847s] copying navigation/navigation.py -> /home/amanda/Documents/M8/grupo2/build/navigation/build/lib/navigation
[2.847s] copying navigation/__init__.py -> /home/amanda/Documents/M8/grupo2/build/navigation/build/lib/navigation
[2.848s] running install
[2.848s] /home/amanda/.local/lib/python3.10/site-packages/setuptools/_distutils/cmd.py:66: SetuptoolsDeprecationWarning: setup.py install is deprecated.
[2.849s] !!
[2.849s] 
[2.849s]         ********************************************************************************
[2.849s]         Please avoid running ``setup.py`` directly.
[2.849s]         Instead, use pypa/build, pypa/installer or other
[2.849s]         standards-based tools.
[2.849s] 
[2.849s]         See https://blog.ganssle.io/articles/2021/10/setup-py-deprecated.html for details.
[2.849s]         ********************************************************************************
[2.849s] 
[2.850s] !!
[2.850s]   self.initialize_options()
[2.862s] running install_lib
[2.902s] running install_data
[2.930s] copying resource/navigation -> /home/amanda/Documents/M8/grupo2/install/navigation/share/ament_index/resource_index/packages
[2.930s] copying package.xml -> /home/amanda/Documents/M8/grupo2/install/navigation/share/navigation
[2.930s] running install_egg_info
[2.966s] removing '/home/amanda/Documents/M8/grupo2/install/navigation/lib/python3.10/site-packages/navigation-0.0.0-py3.10.egg-info' (and everything under it)
[2.967s] Copying ../../../../build/navigation/navigation.egg-info to /home/amanda/Documents/M8/grupo2/install/navigation/lib/python3.10/site-packages/navigation-0.0.0-py3.10.egg-info
[2.968s] running install_scripts
[3.054s] Installing navigation script to /home/amanda/Documents/M8/grupo2/install/navigation/lib/navigation
[3.055s] writing list of installed files to '/home/amanda/Documents/M8/grupo2/build/navigation/install.log'
[3.110s] Invoked command in '/home/amanda/Documents/M8/grupo2/src/workspace/src/navigation' returned '0': PYTHONPATH=/home/amanda/Documents/M8/grupo2/build/navigation/prefix_override:/home/amanda/Documents/M8/grupo2/install/navigation/lib/python3.10/site-packages:${PYTHONPATH} /usr/bin/python3 setup.py egg_info --egg-base ../../../../build/navigation build --build-base /home/amanda/Documents/M8/grupo2/build/navigation/build install --record /home/amanda/Documents/M8/grupo2/build/navigation/install.log --single-version-externally-managed
