[2.198s] Invoking command in '/home/amanda/Documents/M8/grupo2/src/workspace/src/navigation': PYTHONPATH=/home/amanda/Documents/M8/grupo2/build/navigation/prefix_override:/home/amanda/Documents/M8/grupo2/install/navigation/lib/python3.10/site-packages:${PYTHONPATH} /usr/bin/python3 setup.py egg_info --egg-base ../../../../build/navigation build --build-base /home/amanda/Documents/M8/grupo2/build/navigation/build install --record /home/amanda/Documents/M8/grupo2/build/navigation/install.log --single-version-externally-managed
[2.796s] running egg_info
[2.828s] writing ../../../../build/navigation/navigation.egg-info/PKG-INFO
[2.829s] writing dependency_links to ../../../../build/navigation/navigation.egg-info/dependency_links.txt
[2.829s] writing entry points to ../../../../build/navigation/navigation.egg-info/entry_points.txt
[2.830s] writing requirements to ../../../../build/navigation/navigation.egg-info/requires.txt
[2.830s] writing top-level names to ../../../../build/navigation/navigation.egg-info/top_level.txt
[2.890s] reading manifest file '../../../../build/navigation/navigation.egg-info/SOURCES.txt'
[2.891s] writing manifest file '../../../../build/navigation/navigation.egg-info/SOURCES.txt'
[2.891s] running build
[2.891s] running build_py
[2.891s] copying navigation/navigation.py -> /home/amanda/Documents/M8/grupo2/build/navigation/build/lib/navigation
[2.892s] copying navigation/__init__.py -> /home/amanda/Documents/M8/grupo2/build/navigation/build/lib/navigation
[2.892s] running install
[2.892s] /home/amanda/.local/lib/python3.10/site-packages/setuptools/_distutils/cmd.py:66: SetuptoolsDeprecationWarning: setup.py install is deprecated.
[2.892s] !!
[2.892s] 
[2.892s]         ********************************************************************************
[2.893s]         Please avoid running ``setup.py`` directly.
[2.893s]         Instead, use pypa/build, pypa/installer or other
[2.893s]         standards-based tools.
[2.893s] 
[2.893s]         See https://blog.ganssle.io/articles/2021/10/setup-py-deprecated.html for details.
[2.893s]         ********************************************************************************
[2.893s] 
[2.894s] !!
[2.894s]   self.initialize_options()
[2.900s] running install_lib
[2.929s] running install_data
[2.957s] copying resource/navigation -> /home/amanda/Documents/M8/grupo2/install/navigation/share/ament_index/resource_index/packages
[2.957s] copying package.xml -> /home/amanda/Documents/M8/grupo2/install/navigation/share/navigation
[2.957s] running install_egg_info
[2.986s] removing '/home/amanda/Documents/M8/grupo2/install/navigation/lib/python3.10/site-packages/navigation-0.0.0-py3.10.egg-info' (and everything under it)
[2.987s] Copying ../../../../build/navigation/navigation.egg-info to /home/amanda/Documents/M8/grupo2/install/navigation/lib/python3.10/site-packages/navigation-0.0.0-py3.10.egg-info
[2.988s] running install_scripts
[3.073s] Installing navigation script to /home/amanda/Documents/M8/grupo2/install/navigation/lib/navigation
[3.074s] writing list of installed files to '/home/amanda/Documents/M8/grupo2/build/navigation/install.log'
[3.114s] Invoked command in '/home/amanda/Documents/M8/grupo2/src/workspace/src/navigation' returned '0': PYTHONPATH=/home/amanda/Documents/M8/grupo2/build/navigation/prefix_override:/home/amanda/Documents/M8/grupo2/install/navigation/lib/python3.10/site-packages:${PYTHONPATH} /usr/bin/python3 setup.py egg_info --egg-base ../../../../build/navigation build --build-base /home/amanda/Documents/M8/grupo2/build/navigation/build install --record /home/amanda/Documents/M8/grupo2/build/navigation/install.log --single-version-externally-managed
