[1.031s] [34mcolcon[0m [1;30mDEBUG[0m [32mCommand line arguments: ['/usr/bin/colcon', 'build'][0m
[1.031s] [34mcolcon[0m [1;30mDEBUG[0m [32mParsed command line arguments: Namespace(log_base=None, log_level=None, verb_name='build', build_base='build', install_base='install', merge_install=False, symlink_install=False, test_result_base=None, continue_on_error=False, executor='parallel', parallel_workers=8, event_handlers=None, ignore_user_meta=False, metas=['./colcon.meta'], base_paths=['.'], packages_ignore=None, packages_ignore_regex=None, paths=None, packages_up_to=None, packages_up_to_regex=None, packages_above=None, packages_above_and_dependencies=None, packages_above_depth=None, packages_select_by_dep=None, packages_skip_by_dep=None, packages_skip_up_to=None, packages_select_build_failed=False, packages_skip_build_finished=False, packages_select_test_failures=False, packages_skip_test_passed=False, packages_select=None, packages_skip=None, packages_select_regex=None, packages_skip_regex=None, packages_start=None, packages_end=None, allow_overriding=[], cmake_args=None, cmake_target=None, cmake_target_skip_unavailable=False, cmake_clean_cache=False, cmake_clean_first=False, cmake_force_configure=False, ament_cmake_args=None, catkin_cmake_args=None, catkin_skip_building_tests=False, verb_parser=<colcon_defaults.argument_parser.defaults.DefaultArgumentsDecorator object at 0x7f3139acd0c0>, verb_extension=<colcon_core.verb.build.BuildVerb object at 0x7f3139d0ead0>, main=<bound method BuildVerb.main of <colcon_core.verb.build.BuildVerb object at 0x7f3139d0ead0>>)[0m
[1.077s] [34mcolcon.colcon_core.package_discovery[0m [1;30mLevel 1[0m discover_packages(colcon_meta) check parameters
[1.077s] [34mcolcon.colcon_core.package_discovery[0m [1;30mLevel 1[0m discover_packages(recursive) check parameters
[1.077s] [34mcolcon.colcon_core.package_discovery[0m [1;30mLevel 1[0m discover_packages(ignore) check parameters
[1.077s] [34mcolcon.colcon_core.package_discovery[0m [1;30mLevel 1[0m discover_packages(path) check parameters
[1.077s] [34mcolcon.colcon_core.package_discovery[0m [1;30mLevel 1[0m discover_packages(colcon_meta) discover
[1.077s] [34mcolcon.colcon_core.package_discovery[0m [1;30mLevel 1[0m discover_packages(recursive) discover
[1.077s] [34mcolcon.colcon_core.package_discovery[0m [1;30mINFO[0m Crawling recursively for packages in '/home/eduardoporto/github/grupo2-1/src/workspace/src'
[1.077s] [34mcolcon.colcon_core.package_identification[0m [1;30mLevel 1[0m _identify(.) by extensions ['ignore', 'ignore_ament_install']
[1.077s] [34mcolcon.colcon_core.package_identification[0m [1;30mLevel 1[0m _identify(.) by extension 'ignore'
[1.077s] [34mcolcon.colcon_core.package_identification[0m [1;30mLevel 1[0m _identify(.) by extension 'ignore_ament_install'
[1.077s] [34mcolcon.colcon_core.package_identification[0m [1;30mLevel 1[0m _identify(.) by extensions ['colcon_pkg']
[1.077s] [34mcolcon.colcon_core.package_identification[0m [1;30mLevel 1[0m _identify(.) by extension 'colcon_pkg'
[1.077s] [34mcolcon.colcon_core.package_identification[0m [1;30mLevel 1[0m _identify(.) by extensions ['colcon_meta']
[1.077s] [34mcolcon.colcon_core.package_identification[0m [1;30mLevel 1[0m _identify(.) by extension 'colcon_meta'
[1.077s] [34mcolcon.colcon_core.package_identification[0m [1;30mLevel 1[0m _identify(.) by extensions ['ros']
[1.077s] [34mcolcon.colcon_core.package_identification[0m [1;30mLevel 1[0m _identify(.) by extension 'ros'
[1.088s] [34mcolcon.colcon_core.package_identification[0m [1;30mLevel 1[0m _identify(.) by extensions ['cmake', 'python']
[1.088s] [34mcolcon.colcon_core.package_identification[0m [1;30mLevel 1[0m _identify(.) by extension 'cmake'
[1.088s] [34mcolcon.colcon_core.package_identification[0m [1;30mLevel 1[0m _identify(.) by extension 'python'
[1.088s] [34mcolcon.colcon_core.package_identification[0m [1;30mLevel 1[0m _identify(.) by extensions ['python_setup_py']
[1.088s] [34mcolcon.colcon_core.package_identification[0m [1;30mLevel 1[0m _identify(.) by extension 'python_setup_py'
[1.088s] [34mcolcon.colcon_core.package_identification[0m [1;30mLevel 1[0m _identify(build) by extensions ['ignore', 'ignore_ament_install']
[1.088s] [34mcolcon.colcon_core.package_identification[0m [1;30mLevel 1[0m _identify(build) by extension 'ignore'
[1.088s] [34mcolcon.colcon_core.package_identification[0m [1;30mLevel 1[0m _identify(build) ignored
[1.089s] [34mcolcon.colcon_core.package_identification[0m [1;30mLevel 1[0m _identify(central) by extensions ['ignore', 'ignore_ament_install']
[1.089s] [34mcolcon.colcon_core.package_identification[0m [1;30mLevel 1[0m _identify(central) by extension 'ignore'
[1.089s] [34mcolcon.colcon_core.package_identification[0m [1;30mLevel 1[0m _identify(central) by extension 'ignore_ament_install'
[1.089s] [34mcolcon.colcon_core.package_identification[0m [1;30mLevel 1[0m _identify(central) by extensions ['colcon_pkg']
[1.089s] [34mcolcon.colcon_core.package_identification[0m [1;30mLevel 1[0m _identify(central) by extension 'colcon_pkg'
[1.089s] [34mcolcon.colcon_core.package_identification[0m [1;30mLevel 1[0m _identify(central) by extensions ['colcon_meta']
[1.089s] [34mcolcon.colcon_core.package_identification[0m [1;30mLevel 1[0m _identify(central) by extension 'colcon_meta'
[1.089s] [34mcolcon.colcon_core.package_identification[0m [1;30mLevel 1[0m _identify(central) by extensions ['ros']
[1.089s] [34mcolcon.colcon_core.package_identification[0m [1;30mLevel 1[0m _identify(central) by extension 'ros'
[1.091s] [34mcolcon.colcon_core.package_identification[0m [1;30mDEBUG[0m [32mPackage 'central' with type 'ros.ament_python' and name 'central'[0m
[1.091s] [34mcolcon.colcon_core.package_identification[0m [1;30mLevel 1[0m _identify(install) by extensions ['ignore', 'ignore_ament_install']
[1.091s] [34mcolcon.colcon_core.package_identification[0m [1;30mLevel 1[0m _identify(install) by extension 'ignore'
[1.091s] [34mcolcon.colcon_core.package_identification[0m [1;30mLevel 1[0m _identify(install) ignored
[1.092s] [34mcolcon.colcon_core.package_identification[0m [1;30mLevel 1[0m _identify(log) by extensions ['ignore', 'ignore_ament_install']
[1.092s] [34mcolcon.colcon_core.package_identification[0m [1;30mLevel 1[0m _identify(log) by extension 'ignore'
[1.092s] [34mcolcon.colcon_core.package_identification[0m [1;30mLevel 1[0m _identify(log) ignored
[1.092s] [34mcolcon.colcon_core.package_identification[0m [1;30mLevel 1[0m _identify(navigation) by extensions ['ignore', 'ignore_ament_install']
[1.092s] [34mcolcon.colcon_core.package_identification[0m [1;30mLevel 1[0m _identify(navigation) by extension 'ignore'
[1.092s] [34mcolcon.colcon_core.package_identification[0m [1;30mLevel 1[0m _identify(navigation) by extension 'ignore_ament_install'
[1.092s] [34mcolcon.colcon_core.package_identification[0m [1;30mLevel 1[0m _identify(navigation) by extensions ['colcon_pkg']
[1.092s] [34mcolcon.colcon_core.package_identification[0m [1;30mLevel 1[0m _identify(navigation) by extension 'colcon_pkg'
[1.092s] [34mcolcon.colcon_core.package_identification[0m [1;30mLevel 1[0m _identify(navigation) by extensions ['colcon_meta']
[1.092s] [34mcolcon.colcon_core.package_identification[0m [1;30mLevel 1[0m _identify(navigation) by extension 'colcon_meta'
[1.092s] [34mcolcon.colcon_core.package_identification[0m [1;30mLevel 1[0m _identify(navigation) by extensions ['ros']
[1.092s] [34mcolcon.colcon_core.package_identification[0m [1;30mLevel 1[0m _identify(navigation) by extension 'ros'
[1.093s] [34mcolcon.colcon_core.package_identification[0m [1;30mDEBUG[0m [32mPackage 'navigation' with type 'ros.ament_python' and name 'navigation'[0m
[1.093s] [34mcolcon.colcon_core.package_discovery[0m [1;30mLevel 1[0m discover_packages(recursive) using defaults
[1.093s] [34mcolcon.colcon_core.package_discovery[0m [1;30mLevel 1[0m discover_packages(ignore) discover
[1.093s] [34mcolcon.colcon_core.package_discovery[0m [1;30mLevel 1[0m discover_packages(ignore) using defaults
[1.093s] [34mcolcon.colcon_core.package_discovery[0m [1;30mLevel 1[0m discover_packages(path) discover
[1.093s] [34mcolcon.colcon_core.package_discovery[0m [1;30mLevel 1[0m discover_packages(path) using defaults
[1.181s] [34mcolcon.colcon_core.package_discovery[0m [1;30mLevel 1[0m discover_packages(prefix_path) check parameters
[1.181s] [34mcolcon.colcon_core.package_discovery[0m [1;30mLevel 1[0m discover_packages(prefix_path) discover
[1.226s] [34mcolcon.colcon_installed_package_information.package_discovery[0m [1;30mDEBUG[0m [32mFound 2 installed packages in /home/eduardoporto/github/grupo2-1/src/workspace/src/install[0m
[1.242s] [34mcolcon.colcon_installed_package_information.package_discovery[0m [1;30mDEBUG[0m [32mFound 399 installed packages in /opt/ros/humble[0m
[1.243s] [34mcolcon.colcon_core.package_discovery[0m [1;30mLevel 1[0m discover_packages(prefix_path) using defaults
[1.340s] [34mcolcon.colcon_core.verb[0m [1;30mLevel 5[0m set package 'central' build argument 'cmake_args' from command line to 'None'
[1.340s] [34mcolcon.colcon_core.verb[0m [1;30mLevel 5[0m set package 'central' build argument 'cmake_target' from command line to 'None'
[1.340s] [34mcolcon.colcon_core.verb[0m [1;30mLevel 5[0m set package 'central' build argument 'cmake_target_skip_unavailable' from command line to 'False'
[1.340s] [34mcolcon.colcon_core.verb[0m [1;30mLevel 5[0m set package 'central' build argument 'cmake_clean_cache' from command line to 'False'
[1.340s] [34mcolcon.colcon_core.verb[0m [1;30mLevel 5[0m set package 'central' build argument 'cmake_clean_first' from command line to 'False'
[1.340s] [34mcolcon.colcon_core.verb[0m [1;30mLevel 5[0m set package 'central' build argument 'cmake_force_configure' from command line to 'False'
[1.340s] [34mcolcon.colcon_core.verb[0m [1;30mLevel 5[0m set package 'central' build argument 'ament_cmake_args' from command line to 'None'
[1.340s] [34mcolcon.colcon_core.verb[0m [1;30mLevel 5[0m set package 'central' build argument 'catkin_cmake_args' from command line to 'None'
[1.340s] [34mcolcon.colcon_core.verb[0m [1;30mLevel 5[0m set package 'central' build argument 'catkin_skip_building_tests' from command line to 'False'
[1.340s] [34mcolcon.colcon_core.verb[0m [1;30mDEBUG[0m [32mBuilding package 'central' with the following arguments: {'ament_cmake_args': None, 'build_base': '/home/eduardoporto/github/grupo2-1/src/workspace/src/build/central', 'catkin_cmake_args': None, 'catkin_skip_building_tests': False, 'cmake_args': None, 'cmake_clean_cache': False, 'cmake_clean_first': False, 'cmake_force_configure': False, 'cmake_target': None, 'cmake_target_skip_unavailable': False, 'install_base': '/home/eduardoporto/github/grupo2-1/src/workspace/src/install/central', 'merge_install': False, 'path': '/home/eduardoporto/github/grupo2-1/src/workspace/src/central', 'symlink_install': False, 'test_result_base': None}[0m
[1.355s] [34mcolcon.colcon_core.verb[0m [1;30mLevel 5[0m set package 'navigation' build argument 'cmake_args' from command line to 'None'
[1.355s] [34mcolcon.colcon_core.verb[0m [1;30mLevel 5[0m set package 'navigation' build argument 'cmake_target' from command line to 'None'
[1.355s] [34mcolcon.colcon_core.verb[0m [1;30mLevel 5[0m set package 'navigation' build argument 'cmake_target_skip_unavailable' from command line to 'False'
[1.355s] [34mcolcon.colcon_core.verb[0m [1;30mLevel 5[0m set package 'navigation' build argument 'cmake_clean_cache' from command line to 'False'
[1.355s] [34mcolcon.colcon_core.verb[0m [1;30mLevel 5[0m set package 'navigation' build argument 'cmake_clean_first' from command line to 'False'
[1.355s] [34mcolcon.colcon_core.verb[0m [1;30mLevel 5[0m set package 'navigation' build argument 'cmake_force_configure' from command line to 'False'
[1.355s] [34mcolcon.colcon_core.verb[0m [1;30mLevel 5[0m set package 'navigation' build argument 'ament_cmake_args' from command line to 'None'
[1.355s] [34mcolcon.colcon_core.verb[0m [1;30mLevel 5[0m set package 'navigation' build argument 'catkin_cmake_args' from command line to 'None'
[1.355s] [34mcolcon.colcon_core.verb[0m [1;30mLevel 5[0m set package 'navigation' build argument 'catkin_skip_building_tests' from command line to 'False'
[1.355s] [34mcolcon.colcon_core.verb[0m [1;30mDEBUG[0m [32mBuilding package 'navigation' with the following arguments: {'ament_cmake_args': None, 'build_base': '/home/eduardoporto/github/grupo2-1/src/workspace/src/build/navigation', 'catkin_cmake_args': None, 'catkin_skip_building_tests': False, 'cmake_args': None, 'cmake_clean_cache': False, 'cmake_clean_first': False, 'cmake_force_configure': False, 'cmake_target': None, 'cmake_target_skip_unavailable': False, 'install_base': '/home/eduardoporto/github/grupo2-1/src/workspace/src/install/navigation', 'merge_install': False, 'path': '/home/eduardoporto/github/grupo2-1/src/workspace/src/navigation', 'symlink_install': False, 'test_result_base': None}[0m
[1.371s] [34mcolcon.colcon_core.executor[0m [1;30mINFO[0m Executing jobs using 'parallel' executor
[1.388s] [34mcolcon.colcon_parallel_executor.executor.parallel[0m [1;30mDEBUG[0m [32mrun_until_complete[0m
[1.389s] [34mcolcon.colcon_ros.task.ament_python.build[0m [1;30mINFO[0m Building ROS package in '/home/eduardoporto/github/grupo2-1/src/workspace/src/central' with build type 'ament_python'
[1.389s] [34mcolcon.colcon_core.shell[0m [1;30mLevel 1[0m create_environment_hook('central', 'ament_prefix_path')
[1.408s] [34mcolcon.colcon_core.plugin_system[0m [1;30mINFO[0m Skipping extension 'colcon_core.shell.bat': Not used on non-Windows systems
[1.408s] [34mcolcon.colcon_core.shell[0m [1;30mINFO[0m Creating environment hook '/home/eduardoporto/github/grupo2-1/src/workspace/src/install/central/share/central/hook/ament_prefix_path.ps1'
[1.409s] [34mcolcon.colcon_core.shell[0m [1;30mINFO[0m Creating environment descriptor '/home/eduardoporto/github/grupo2-1/src/workspace/src/install/central/share/central/hook/ament_prefix_path.dsv'
[1.410s] [34mcolcon.colcon_core.shell[0m [1;30mINFO[0m Creating environment hook '/home/eduardoporto/github/grupo2-1/src/workspace/src/install/central/share/central/hook/ament_prefix_path.sh'
[1.427s] [34mcolcon.colcon_core.shell[0m [1;30mINFO[0m Skip shell extension 'powershell' for command environment: Not usable outside of PowerShell
[1.427s] [34mcolcon.colcon_core.shell[0m [1;30mDEBUG[0m [32mSkip shell extension 'dsv' for command environment[0m
[1.473s] [34mcolcon.colcon_ros.task.ament_python.build[0m [1;30mINFO[0m Building ROS package in '/home/eduardoporto/github/grupo2-1/src/workspace/src/navigation' with build type 'ament_python'
[1.474s] [34mcolcon.colcon_core.shell[0m [1;30mLevel 1[0m create_environment_hook('navigation', 'ament_prefix_path')
[1.489s] [34mcolcon.colcon_core.shell[0m [1;30mINFO[0m Creating environment hook '/home/eduardoporto/github/grupo2-1/src/workspace/src/install/navigation/share/navigation/hook/ament_prefix_path.ps1'
[1.491s] [34mcolcon.colcon_core.shell[0m [1;30mINFO[0m Creating environment descriptor '/home/eduardoporto/github/grupo2-1/src/workspace/src/install/navigation/share/navigation/hook/ament_prefix_path.dsv'
[1.491s] [34mcolcon.colcon_core.shell[0m [1;30mINFO[0m Creating environment hook '/home/eduardoporto/github/grupo2-1/src/workspace/src/install/navigation/share/navigation/hook/ament_prefix_path.sh'
[1.511s] [34mcolcon.colcon_core.shell[0m [1;30mINFO[0m Skip shell extension 'powershell' for command environment: Not usable outside of PowerShell
[1.511s] [34mcolcon.colcon_core.shell[0m [1;30mDEBUG[0m [32mSkip shell extension 'dsv' for command environment[0m
[1.923s] [34mcolcon.colcon_ros.task.ament_python.build[0m [1;30mWARNING[0m [33mPackage 'central' doesn't explicitly install a marker in the package index (colcon-ros currently does it implicitly but that fallback will be removed in the future)[0m
[1.923s] [34mcolcon.colcon_core.task.python.build[0m [1;30mINFO[0m Building Python package in '/home/eduardoporto/github/grupo2-1/src/workspace/src/central'
[1.941s] [34mcolcon.colcon_core.shell[0m [1;30mINFO[0m Skip shell extension 'powershell' for command environment: Not usable outside of PowerShell
[1.941s] [34mcolcon.colcon_core.shell[0m [1;30mDEBUG[0m [32mSkip shell extension 'dsv' for command environment[0m
[2.263s] [34mcolcon.colcon_core.task.python.build[0m [1;30mINFO[0m Building Python package in '/home/eduardoporto/github/grupo2-1/src/workspace/src/navigation'
[2.283s] [34mcolcon.colcon_core.shell[0m [1;30mINFO[0m Skip shell extension 'powershell' for command environment: Not usable outside of PowerShell
[2.283s] [34mcolcon.colcon_core.shell[0m [1;30mDEBUG[0m [32mSkip shell extension 'dsv' for command environment[0m
[2.746s] [34mcolcon.colcon_core.event_handler.log_command[0m [1;30mDEBUG[0m [32mInvoking command in '/home/eduardoporto/github/grupo2-1/src/workspace/src/central': PYTHONPATH=/home/eduardoporto/github/grupo2-1/src/workspace/src/build/central/prefix_override:/home/eduardoporto/github/grupo2-1/src/workspace/src/install/central/lib/python3.10/site-packages:${PYTHONPATH} /usr/bin/python3 setup.py egg_info --egg-base ../build/central build --build-base /home/eduardoporto/github/grupo2-1/src/workspace/src/build/central/build install --record /home/eduardoporto/github/grupo2-1/src/workspace/src/build/central/install.log --single-version-externally-managed[0m
[2.753s] [34mcolcon.colcon_core.event_handler.log_command[0m [1;30mDEBUG[0m [32mInvoking command in '/home/eduardoporto/github/grupo2-1/src/workspace/src/navigation': PYTHONPATH=/home/eduardoporto/github/grupo2-1/src/workspace/src/build/navigation/prefix_override:/home/eduardoporto/github/grupo2-1/src/workspace/src/install/navigation/lib/python3.10/site-packages:${PYTHONPATH} /usr/bin/python3 setup.py egg_info --egg-base ../build/navigation build --build-base /home/eduardoporto/github/grupo2-1/src/workspace/src/build/navigation/build install --record /home/eduardoporto/github/grupo2-1/src/workspace/src/build/navigation/install.log --single-version-externally-managed[0m
[3.113s] [34mcolcon.colcon_core.event_handler.log_command[0m [1;30mDEBUG[0m [32mInvoked command in '/home/eduardoporto/github/grupo2-1/src/workspace/src/navigation' returned '0': PYTHONPATH=/home/eduardoporto/github/grupo2-1/src/workspace/src/build/navigation/prefix_override:/home/eduardoporto/github/grupo2-1/src/workspace/src/install/navigation/lib/python3.10/site-packages:${PYTHONPATH} /usr/bin/python3 setup.py egg_info --egg-base ../build/navigation build --build-base /home/eduardoporto/github/grupo2-1/src/workspace/src/build/navigation/build install --record /home/eduardoporto/github/grupo2-1/src/workspace/src/build/navigation/install.log --single-version-externally-managed[0m
[3.131s] [34mcolcon.colcon_core.environment[0m [1;30mLevel 1[0m checking '/home/eduardoporto/github/grupo2-1/src/workspace/src/install/navigation' for CMake module files
[3.132s] [34mcolcon.colcon_core.environment[0m [1;30mLevel 1[0m checking '/home/eduardoporto/github/grupo2-1/src/workspace/src/install/navigation' for CMake config files
[3.133s] [34mcolcon.colcon_core.environment[0m [1;30mLevel 1[0m checking '/home/eduardoporto/github/grupo2-1/src/workspace/src/install/navigation/lib'
[3.133s] [34mcolcon.colcon_core.environment[0m [1;30mLevel 1[0m checking '/home/eduardoporto/github/grupo2-1/src/workspace/src/install/navigation/bin'
[3.133s] [34mcolcon.colcon_core.environment[0m [1;30mLevel 1[0m checking '/home/eduardoporto/github/grupo2-1/src/workspace/src/install/navigation/lib/pkgconfig/navigation.pc'
[3.133s] [34mcolcon.colcon_core.environment[0m [1;30mLevel 1[0m checking '/home/eduardoporto/github/grupo2-1/src/workspace/src/install/navigation/lib/python3.10/site-packages'
[3.133s] [34mcolcon.colcon_core.shell[0m [1;30mLevel 1[0m create_environment_hook('navigation', 'pythonpath')
[3.148s] [34mcolcon.colcon_core.shell[0m [1;30mINFO[0m Creating environment hook '/home/eduardoporto/github/grupo2-1/src/workspace/src/install/navigation/share/navigation/hook/pythonpath.ps1'
[3.148s] [34mcolcon.colcon_core.shell[0m [1;30mINFO[0m Creating environment descriptor '/home/eduardoporto/github/grupo2-1/src/workspace/src/install/navigation/share/navigation/hook/pythonpath.dsv'
[3.148s] [34mcolcon.colcon_core.shell[0m [1;30mINFO[0m Creating environment hook '/home/eduardoporto/github/grupo2-1/src/workspace/src/install/navigation/share/navigation/hook/pythonpath.sh'
[3.149s] [34mcolcon.colcon_core.environment[0m [1;30mLevel 1[0m checking '/home/eduardoporto/github/grupo2-1/src/workspace/src/install/navigation/bin'
[3.149s] [34mcolcon.colcon_core.environment[0m [1;30mLevel 1[0m create_environment_scripts_only(navigation)
[3.165s] [34mcolcon.colcon_core.shell[0m [1;30mINFO[0m Creating package script '/home/eduardoporto/github/grupo2-1/src/workspace/src/install/navigation/share/navigation/package.ps1'
[3.167s] [34mcolcon.colcon_core.shell[0m [1;30mINFO[0m Creating package descriptor '/home/eduardoporto/github/grupo2-1/src/workspace/src/install/navigation/share/navigation/package.dsv'
[3.168s] [34mcolcon.colcon_core.shell[0m [1;30mINFO[0m Creating package script '/home/eduardoporto/github/grupo2-1/src/workspace/src/install/navigation/share/navigation/package.sh'
[3.169s] [34mcolcon.colcon_core.shell[0m [1;30mINFO[0m Creating package script '/home/eduardoporto/github/grupo2-1/src/workspace/src/install/navigation/share/navigation/package.bash'
[3.170s] [34mcolcon.colcon_core.shell[0m [1;30mINFO[0m Creating package script '/home/eduardoporto/github/grupo2-1/src/workspace/src/install/navigation/share/navigation/package.zsh'
[3.172s] [34mcolcon.colcon_core.environment[0m [1;30mLevel 1[0m create_file_with_runtime_dependencies(/home/eduardoporto/github/grupo2-1/src/workspace/src/install/navigation/share/colcon-core/packages/navigation)
[3.173s] [34mcolcon.colcon_core.event_handler.log_command[0m [1;30mDEBUG[0m [32mInvoked command in '/home/eduardoporto/github/grupo2-1/src/workspace/src/central' returned '0': PYTHONPATH=/home/eduardoporto/github/grupo2-1/src/workspace/src/build/central/prefix_override:/home/eduardoporto/github/grupo2-1/src/workspace/src/install/central/lib/python3.10/site-packages:${PYTHONPATH} /usr/bin/python3 setup.py egg_info --egg-base ../build/central build --build-base /home/eduardoporto/github/grupo2-1/src/workspace/src/build/central/build install --record /home/eduardoporto/github/grupo2-1/src/workspace/src/build/central/install.log --single-version-externally-managed[0m
[3.191s] [34mcolcon.colcon_core.environment[0m [1;30mLevel 1[0m checking '/home/eduardoporto/github/grupo2-1/src/workspace/src/install/central' for CMake module files
[3.191s] [34mcolcon.colcon_core.environment[0m [1;30mLevel 1[0m checking '/home/eduardoporto/github/grupo2-1/src/workspace/src/install/central' for CMake config files
[3.191s] [34mcolcon.colcon_core.environment[0m [1;30mLevel 1[0m checking '/home/eduardoporto/github/grupo2-1/src/workspace/src/install/central/lib'
[3.192s] [34mcolcon.colcon_core.environment[0m [1;30mLevel 1[0m checking '/home/eduardoporto/github/grupo2-1/src/workspace/src/install/central/bin'
[3.192s] [34mcolcon.colcon_core.environment[0m [1;30mLevel 1[0m checking '/home/eduardoporto/github/grupo2-1/src/workspace/src/install/central/lib/pkgconfig/central.pc'
[3.192s] [34mcolcon.colcon_core.environment[0m [1;30mLevel 1[0m checking '/home/eduardoporto/github/grupo2-1/src/workspace/src/install/central/lib/python3.10/site-packages'
[3.192s] [34mcolcon.colcon_core.shell[0m [1;30mLevel 1[0m create_environment_hook('central', 'pythonpath')
[3.210s] [34mcolcon.colcon_core.shell[0m [1;30mINFO[0m Creating environment hook '/home/eduardoporto/github/grupo2-1/src/workspace/src/install/central/share/central/hook/pythonpath.ps1'
[3.210s] [34mcolcon.colcon_core.shell[0m [1;30mINFO[0m Creating environment descriptor '/home/eduardoporto/github/grupo2-1/src/workspace/src/install/central/share/central/hook/pythonpath.dsv'
[3.210s] [34mcolcon.colcon_core.shell[0m [1;30mINFO[0m Creating environment hook '/home/eduardoporto/github/grupo2-1/src/workspace/src/install/central/share/central/hook/pythonpath.sh'
[3.211s] [34mcolcon.colcon_core.environment[0m [1;30mLevel 1[0m checking '/home/eduardoporto/github/grupo2-1/src/workspace/src/install/central/bin'
[3.211s] [34mcolcon.colcon_core.environment[0m [1;30mLevel 1[0m create_environment_scripts_only(central)
[3.227s] [34mcolcon.colcon_core.shell[0m [1;30mINFO[0m Creating package script '/home/eduardoporto/github/grupo2-1/src/workspace/src/install/central/share/central/package.ps1'
[3.228s] [34mcolcon.colcon_core.shell[0m [1;30mINFO[0m Creating package descriptor '/home/eduardoporto/github/grupo2-1/src/workspace/src/install/central/share/central/package.dsv'
[3.228s] [34mcolcon.colcon_core.shell[0m [1;30mINFO[0m Creating package script '/home/eduardoporto/github/grupo2-1/src/workspace/src/install/central/share/central/package.sh'
[3.228s] [34mcolcon.colcon_core.shell[0m [1;30mINFO[0m Creating package script '/home/eduardoporto/github/grupo2-1/src/workspace/src/install/central/share/central/package.bash'
[3.228s] [34mcolcon.colcon_core.shell[0m [1;30mINFO[0m Creating package script '/home/eduardoporto/github/grupo2-1/src/workspace/src/install/central/share/central/package.zsh'
[3.229s] [34mcolcon.colcon_core.environment[0m [1;30mLevel 1[0m create_file_with_runtime_dependencies(/home/eduardoporto/github/grupo2-1/src/workspace/src/install/central/share/colcon-core/packages/central)
[3.229s] [34mcolcon.colcon_parallel_executor.executor.parallel[0m [1;30mDEBUG[0m [32mclosing loop[0m
[3.229s] [34mcolcon.colcon_parallel_executor.executor.parallel[0m [1;30mDEBUG[0m [32mloop closed[0m
[3.229s] [34mcolcon.colcon_parallel_executor.executor.parallel[0m [1;30mDEBUG[0m [32mrun_until_complete finished with '0'[0m
[3.230s] [34mcolcon.colcon_core.event_reactor[0m [1;30mDEBUG[0m [32mjoining thread[0m
[3.250s] [34mcolcon.colcon_core.plugin_system[0m [1;30mINFO[0m Skipping extension 'colcon_notification.desktop_notification.terminal_notifier': Not used on non-Darwin systems
[3.250s] [34mcolcon.colcon_core.plugin_system[0m [1;30mINFO[0m Skipping extension 'colcon_notification.desktop_notification.win32': Not used on non-Windows systems
[3.251s] [34mcolcon.colcon_notification.desktop_notification[0m [1;30mINFO[0m Sending desktop notification using 'notify2'
[3.265s] [34mcolcon.colcon_core.event_reactor[0m [1;30mDEBUG[0m [32mjoined thread[0m
[3.288s] [34mcolcon.colcon_core.shell[0m [1;30mINFO[0m Creating prefix script '/home/eduardoporto/github/grupo2-1/src/workspace/src/install/local_setup.ps1'
[3.288s] [34mcolcon.colcon_core.shell[0m [1;30mINFO[0m Creating prefix util module '/home/eduardoporto/github/grupo2-1/src/workspace/src/install/_local_setup_util_ps1.py'
[3.290s] [34mcolcon.colcon_core.shell[0m [1;30mINFO[0m Creating prefix chain script '/home/eduardoporto/github/grupo2-1/src/workspace/src/install/setup.ps1'
[3.307s] [34mcolcon.colcon_core.shell[0m [1;30mINFO[0m Creating prefix script '/home/eduardoporto/github/grupo2-1/src/workspace/src/install/local_setup.sh'
[3.308s] [34mcolcon.colcon_core.shell[0m [1;30mINFO[0m Creating prefix util module '/home/eduardoporto/github/grupo2-1/src/workspace/src/install/_local_setup_util_sh.py'
[3.308s] [34mcolcon.colcon_core.shell[0m [1;30mINFO[0m Creating prefix chain script '/home/eduardoporto/github/grupo2-1/src/workspace/src/install/setup.sh'
[3.324s] [34mcolcon.colcon_core.shell[0m [1;30mINFO[0m Creating prefix script '/home/eduardoporto/github/grupo2-1/src/workspace/src/install/local_setup.bash'
[3.324s] [34mcolcon.colcon_core.shell[0m [1;30mINFO[0m Creating prefix chain script '/home/eduardoporto/github/grupo2-1/src/workspace/src/install/setup.bash'
[3.341s] [34mcolcon.colcon_core.shell[0m [1;30mINFO[0m Creating prefix script '/home/eduardoporto/github/grupo2-1/src/workspace/src/install/local_setup.zsh'
[3.341s] [34mcolcon.colcon_core.shell[0m [1;30mINFO[0m Creating prefix chain script '/home/eduardoporto/github/grupo2-1/src/workspace/src/install/setup.zsh'
