[0.906s] Invoking command in '/home/eduardoporto/github/grupo2-1/src/workspace/src/navigation': PYTHONPATH=/home/eduardoporto/github/grupo2-1/src/workspace/src/build/navigation/prefix_override:/home/eduardoporto/github/grupo2-1/src/workspace/src/install/navigation/lib/python3.10/site-packages:${PYTHONPATH} /usr/bin/python3 setup.py egg_info --egg-base ../build/navigation build --build-base /home/eduardoporto/github/grupo2-1/src/workspace/src/build/navigation/build install --record /home/eduardoporto/github/grupo2-1/src/workspace/src/build/navigation/install.log --single-version-externally-managed
[1.086s] running egg_info
[1.087s] writing ../build/navigation/navigation.egg-info/PKG-INFO
[1.087s] writing dependency_links to ../build/navigation/navigation.egg-info/dependency_links.txt
[1.087s] writing entry points to ../build/navigation/navigation.egg-info/entry_points.txt
[1.087s] writing requirements to ../build/navigation/navigation.egg-info/requires.txt
[1.087s] writing top-level names to ../build/navigation/navigation.egg-info/top_level.txt
[1.088s] writing manifest file '../build/navigation/navigation.egg-info/SOURCES.txt'
[1.089s] reading manifest file '../build/navigation/navigation.egg-info/SOURCES.txt'
[1.089s] writing manifest file '../build/navigation/navigation.egg-info/SOURCES.txt'
[1.089s] running build
[1.089s] running build_py
[1.090s] copying navigation/navigation.py -> /home/eduardoporto/github/grupo2-1/src/workspace/src/build/navigation/build/lib/navigation
[1.090s] copying navigation/navigation_publisher.py -> /home/eduardoporto/github/grupo2-1/src/workspace/src/build/navigation/build/lib/navigation
[1.090s] copying navigation/__init__.py -> /home/eduardoporto/github/grupo2-1/src/workspace/src/build/navigation/build/lib/navigation
[1.090s] running install
[1.091s] /usr/lib/python3/dist-packages/setuptools/command/install.py:34: SetuptoolsDeprecationWarning: setup.py install is deprecated. Use build and pip and other standards-based tools.
[1.091s]   warnings.warn(
[1.092s] running install_lib
[1.092s] copying /home/eduardoporto/github/grupo2-1/src/workspace/src/build/navigation/build/lib/navigation/navigation.py -> /home/eduardoporto/github/grupo2-1/src/workspace/src/install/navigation/lib/python3.10/site-packages/navigation
[1.092s] copying /home/eduardoporto/github/grupo2-1/src/workspace/src/build/navigation/build/lib/navigation/navigation_publisher.py -> /home/eduardoporto/github/grupo2-1/src/workspace/src/install/navigation/lib/python3.10/site-packages/navigation
[1.092s] copying /home/eduardoporto/github/grupo2-1/src/workspace/src/build/navigation/build/lib/navigation/__init__.py -> /home/eduardoporto/github/grupo2-1/src/workspace/src/install/navigation/lib/python3.10/site-packages/navigation
[1.092s] byte-compiling /home/eduardoporto/github/grupo2-1/src/workspace/src/install/navigation/lib/python3.10/site-packages/navigation/navigation.py to navigation.cpython-310.pyc
[1.093s] byte-compiling /home/eduardoporto/github/grupo2-1/src/workspace/src/install/navigation/lib/python3.10/site-packages/navigation/navigation_publisher.py to navigation_publisher.cpython-310.pyc
[1.093s] byte-compiling /home/eduardoporto/github/grupo2-1/src/workspace/src/install/navigation/lib/python3.10/site-packages/navigation/__init__.py to __init__.cpython-310.pyc
[1.093s] running install_data
[1.093s] copying resource/navigation -> /home/eduardoporto/github/grupo2-1/src/workspace/src/install/navigation/share/ament_index/resource_index/packages
[1.094s] copying package.xml -> /home/eduardoporto/github/grupo2-1/src/workspace/src/install/navigation/share/navigation
[1.094s] running install_egg_info
[1.095s] removing '/home/eduardoporto/github/grupo2-1/src/workspace/src/install/navigation/lib/python3.10/site-packages/navigation-0.0.0-py3.10.egg-info' (and everything under it)
[1.095s] Copying ../build/navigation/navigation.egg-info to /home/eduardoporto/github/grupo2-1/src/workspace/src/install/navigation/lib/python3.10/site-packages/navigation-0.0.0-py3.10.egg-info
[1.095s] running install_scripts
[1.110s] Installing waypoint_listener script to /home/eduardoporto/github/grupo2-1/src/workspace/src/install/navigation/lib/navigation
[1.111s] Installing waypoint_publisher script to /home/eduardoporto/github/grupo2-1/src/workspace/src/install/navigation/lib/navigation
[1.111s] writing list of installed files to '/home/eduardoporto/github/grupo2-1/src/workspace/src/build/navigation/install.log'
[1.131s] Invoked command in '/home/eduardoporto/github/grupo2-1/src/workspace/src/navigation' returned '0': PYTHONPATH=/home/eduardoporto/github/grupo2-1/src/workspace/src/build/navigation/prefix_override:/home/eduardoporto/github/grupo2-1/src/workspace/src/install/navigation/lib/python3.10/site-packages:${PYTHONPATH} /usr/bin/python3 setup.py egg_info --egg-base ../build/navigation build --build-base /home/eduardoporto/github/grupo2-1/src/workspace/src/build/navigation/build install --record /home/eduardoporto/github/grupo2-1/src/workspace/src/build/navigation/install.log --single-version-externally-managed
