[6.184s] Invoking command in '/home/amanda/Documents/M8/grupo2/src/workspace/src/navigation': PYTHONPATH=/home/amanda/Documents/M8/grupo2/build/navigation/prefix_override:/home/amanda/Documents/M8/grupo2/install/navigation/lib/python3.10/site-packages:${PYTHONPATH} /usr/bin/python3 setup.py egg_info --egg-base ../../../../build/navigation build --build-base /home/amanda/Documents/M8/grupo2/build/navigation/build install --record /home/amanda/Documents/M8/grupo2/build/navigation/install.log --single-version-externally-managed
[7.434s] running egg_info
[7.482s] writing ../../../../build/navigation/navigation.egg-info/PKG-INFO
[7.482s] writing dependency_links to ../../../../build/navigation/navigation.egg-info/dependency_links.txt
[7.482s] writing entry points to ../../../../build/navigation/navigation.egg-info/entry_points.txt
[7.483s] writing requirements to ../../../../build/navigation/navigation.egg-info/requires.txt
[7.483s] writing top-level names to ../../../../build/navigation/navigation.egg-info/top_level.txt
[7.589s] reading manifest file '../../../../build/navigation/navigation.egg-info/SOURCES.txt'
[7.600s] writing manifest file '../../../../build/navigation/navigation.egg-info/SOURCES.txt'
[7.600s] running build
[7.600s] running build_py
[7.601s] copying navigation/navigation.py -> /home/amanda/Documents/M8/grupo2/build/navigation/build/lib/navigation
[7.601s] copying navigation/__init__.py -> /home/amanda/Documents/M8/grupo2/build/navigation/build/lib/navigation
[7.609s] running install
[7.614s] /home/amanda/.local/lib/python3.10/site-packages/setuptools/_distutils/cmd.py:66: SetuptoolsDeprecationWarning: setup.py install is deprecated.
[7.614s] !!
[7.615s] 
[7.615s]         ********************************************************************************
[7.615s]         Please avoid running ``setup.py`` directly.
[7.615s]         Instead, use pypa/build, pypa/installer or other
[7.615s]         standards-based tools.
[7.615s] 
[7.615s]         See https://blog.ganssle.io/articles/2021/10/setup-py-deprecated.html for details.
[7.615s]         ********************************************************************************
[7.616s] 
[7.616s] !!
[7.616s]   self.initialize_options()
[7.623s] running install_lib
[7.679s] running install_data
[7.728s] copying resource/navigation -> /home/amanda/Documents/M8/grupo2/install/navigation/share/ament_index/resource_index/packages
[7.728s] copying package.xml -> /home/amanda/Documents/M8/grupo2/install/navigation/share/navigation
[7.728s] running install_egg_info
[7.850s] removing '/home/amanda/Documents/M8/grupo2/install/navigation/lib/python3.10/site-packages/navigation-0.0.0-py3.10.egg-info' (and everything under it)
[7.850s] Copying ../../../../build/navigation/navigation.egg-info to /home/amanda/Documents/M8/grupo2/install/navigation/lib/python3.10/site-packages/navigation-0.0.0-py3.10.egg-info
[7.850s] running install_scripts
[8.026s] Installing navigation script to /home/amanda/Documents/M8/grupo2/install/navigation/lib/navigation
[8.027s] writing list of installed files to '/home/amanda/Documents/M8/grupo2/build/navigation/install.log'
[8.247s] Invoked command in '/home/amanda/Documents/M8/grupo2/src/workspace/src/navigation' returned '0': PYTHONPATH=/home/amanda/Documents/M8/grupo2/build/navigation/prefix_override:/home/amanda/Documents/M8/grupo2/install/navigation/lib/python3.10/site-packages:${PYTHONPATH} /usr/bin/python3 setup.py egg_info --egg-base ../../../../build/navigation build --build-base /home/amanda/Documents/M8/grupo2/build/navigation/build install --record /home/amanda/Documents/M8/grupo2/build/navigation/install.log --single-version-externally-managed
