running egg_info
writing ../../../../build/navigation/navigation.egg-info/PKG-INFO
writing dependency_links to ../../../../build/navigation/navigation.egg-info/dependency_links.txt
writing entry points to ../../../../build/navigation/navigation.egg-info/entry_points.txt
writing requirements to ../../../../build/navigation/navigation.egg-info/requires.txt
writing top-level names to ../../../../build/navigation/navigation.egg-info/top_level.txt
reading manifest file '../../../../build/navigation/navigation.egg-info/SOURCES.txt'
writing manifest file '../../../../build/navigation/navigation.egg-info/SOURCES.txt'
running build
running build_py
running install
running install_lib
/Users/lyo.quintao/anaconda3/envs/ros_env/lib/python3.10/site-packages/setuptools/command/install.py:34: SetuptoolsDeprecationWarning: setup.py install is deprecated. Use build and pip and other standards-based tools.
  warnings.warn(
running install_data
running install_egg_info
removing '/Users/lyo.quintao/Documents/development/Projects/projeto_ambev/install/navigation/lib/python3.10/site-packages/navigation-0.0.0-py3.10.egg-info' (and everything under it)
Copying ../../../../build/navigation/navigation.egg-info to /Users/lyo.quintao/Documents/development/Projects/projeto_ambev/install/navigation/lib/python3.10/site-packages/navigation-0.0.0-py3.10.egg-info
running install_scripts
Installing waypoint_listener script to /Users/lyo.quintao/Documents/development/Projects/projeto_ambev/install/navigation/lib/navigation
Installing waypoint_publisher script to /Users/lyo.quintao/Documents/development/Projects/projeto_ambev/install/navigation/lib/navigation
writing list of installed files to '/Users/lyo.quintao/Documents/development/Projects/projeto_ambev/build/navigation/install.log'
