[1.707s] Invoking command in '/Users/lyo.quintao/Documents/development/Projects/projeto_ambev/src/workspace/src/navigation': PYTHONPATH=/Users/lyo.quintao/Documents/development/Projects/projeto_ambev/build/navigation/prefix_override:/Users/lyo.quintao/Documents/development/Projects/projeto_ambev/install/navigation/lib/python3.10/site-packages:${PYTHONPATH} SHLVL=4 _=/usr/bin/env /Users/lyo.quintao/anaconda3/envs/ros_env/bin/python3.10 setup.py egg_info --egg-base ../../../../build/navigation build --build-base /Users/lyo.quintao/Documents/development/Projects/projeto_ambev/build/navigation/build install --record /Users/lyo.quintao/Documents/development/Projects/projeto_ambev/build/navigation/install.log --single-version-externally-managed
[2.224s] running egg_info
[2.259s] writing ../../../../build/navigation/navigation.egg-info/PKG-INFO
[2.291s] writing dependency_links to ../../../../build/navigation/navigation.egg-info/dependency_links.txt
[2.367s] writing entry points to ../../../../build/navigation/navigation.egg-info/entry_points.txt
[2.419s] writing requirements to ../../../../build/navigation/navigation.egg-info/requires.txt
[2.445s] writing top-level names to ../../../../build/navigation/navigation.egg-info/top_level.txt
[2.505s] reading manifest file '../../../../build/navigation/navigation.egg-info/SOURCES.txt'
[2.505s] writing manifest file '../../../../build/navigation/navigation.egg-info/SOURCES.txt'
[2.505s] running build
[2.505s] running build_py
[2.505s] running install
[2.505s] running install_lib
[2.505s] /Users/lyo.quintao/anaconda3/envs/ros_env/lib/python3.10/site-packages/setuptools/command/install.py:34: SetuptoolsDeprecationWarning: setup.py install is deprecated. Use build and pip and other standards-based tools.
[2.505s]   warnings.warn(
[2.539s] running install_data
[2.556s] running install_egg_info
[2.594s] removing '/Users/lyo.quintao/Documents/development/Projects/projeto_ambev/install/navigation/lib/python3.10/site-packages/navigation-0.0.0-py3.10.egg-info' (and everything under it)
[2.596s] Copying ../../../../build/navigation/navigation.egg-info to /Users/lyo.quintao/Documents/development/Projects/projeto_ambev/install/navigation/lib/python3.10/site-packages/navigation-0.0.0-py3.10.egg-info
[2.599s] running install_scripts
[2.685s] Installing waypoint_listener script to /Users/lyo.quintao/Documents/development/Projects/projeto_ambev/install/navigation/lib/navigation
[2.686s] Installing waypoint_publisher script to /Users/lyo.quintao/Documents/development/Projects/projeto_ambev/install/navigation/lib/navigation
[2.686s] writing list of installed files to '/Users/lyo.quintao/Documents/development/Projects/projeto_ambev/build/navigation/install.log'
[2.704s] Invoked command in '/Users/lyo.quintao/Documents/development/Projects/projeto_ambev/src/workspace/src/navigation' returned '0': PYTHONPATH=/Users/lyo.quintao/Documents/development/Projects/projeto_ambev/build/navigation/prefix_override:/Users/lyo.quintao/Documents/development/Projects/projeto_ambev/install/navigation/lib/python3.10/site-packages:${PYTHONPATH} SHLVL=4 _=/usr/bin/env /Users/lyo.quintao/anaconda3/envs/ros_env/bin/python3.10 setup.py egg_info --egg-base ../../../../build/navigation build --build-base /Users/lyo.quintao/Documents/development/Projects/projeto_ambev/build/navigation/build install --record /Users/lyo.quintao/Documents/development/Projects/projeto_ambev/build/navigation/install.log --single-version-externally-managed
