[6.056s] Invoking command in '/home/amanda/Documents/M8/grupo2/src/workspace/src/navigation': PYTHONPATH=/home/amanda/Documents/M8/grupo2/build/navigation/prefix_override:/home/amanda/Documents/M8/grupo2/install/navigation/lib/python3.10/site-packages:${PYTHONPATH} /usr/bin/python3 setup.py egg_info --egg-base ../../../../build/navigation build --build-base /home/amanda/Documents/M8/grupo2/build/navigation/build install --record /home/amanda/Documents/M8/grupo2/build/navigation/install.log --single-version-externally-managed
[7.378s] running egg_info
[7.478s] writing ../../../../build/navigation/navigation.egg-info/PKG-INFO
[7.479s] writing dependency_links to ../../../../build/navigation/navigation.egg-info/dependency_links.txt
[7.479s] writing entry points to ../../../../build/navigation/navigation.egg-info/entry_points.txt
[7.479s] writing requirements to ../../../../build/navigation/navigation.egg-info/requires.txt
[7.480s] writing top-level names to ../../../../build/navigation/navigation.egg-info/top_level.txt
[7.663s] reading manifest file '../../../../build/navigation/navigation.egg-info/SOURCES.txt'
[7.663s] writing manifest file '../../../../build/navigation/navigation.egg-info/SOURCES.txt'
[7.665s] /home/amanda/.local/lib/python3.10/site-packages/setuptools/_distutils/cmd.py:66: SetuptoolsDeprecationWarning: setup.py install is deprecated.
[7.665s] !!
[7.665s] 
[7.665s]         ********************************************************************************
[7.665s]         Please avoid running ``setup.py`` directly.
[7.666s]         Instead, use pypa/build, pypa/installer or other
[7.666s]         standards-based tools.
[7.666s] 
[7.666s]         See https://blog.ganssle.io/articles/2021/10/setup-py-deprecated.html for details.
[7.666s]         ********************************************************************************
[7.666s] 
[7.666s] !!
[7.667s]   self.initialize_options()
[7.667s] running build
[7.667s] running build_py
[7.667s] copying navigation/navigation.py -> /home/amanda/Documents/M8/grupo2/build/navigation/build/lib/navigation
[7.667s] copying navigation/__init__.py -> /home/amanda/Documents/M8/grupo2/build/navigation/build/lib/navigation
[7.667s] running install
[7.678s] running install_lib
[7.728s] running install_data
[7.778s] copying resource/navigation -> /home/amanda/Documents/M8/grupo2/install/navigation/share/ament_index/resource_index/packages
[7.778s] copying package.xml -> /home/amanda/Documents/M8/grupo2/install/navigation/share/navigation
[7.779s] running install_egg_info
[7.829s] removing '/home/amanda/Documents/M8/grupo2/install/navigation/lib/python3.10/site-packages/navigation-0.0.0-py3.10.egg-info' (and everything under it)
[7.830s] Copying ../../../../build/navigation/navigation.egg-info to /home/amanda/Documents/M8/grupo2/install/navigation/lib/python3.10/site-packages/navigation-0.0.0-py3.10.egg-info
[7.831s] running install_scripts
[7.970s] Installing navigation script to /home/amanda/Documents/M8/grupo2/install/navigation/lib/navigation
[7.971s] writing list of installed files to '/home/amanda/Documents/M8/grupo2/build/navigation/install.log'
[8.149s] Invoked command in '/home/amanda/Documents/M8/grupo2/src/workspace/src/navigation' returned '0': PYTHONPATH=/home/amanda/Documents/M8/grupo2/build/navigation/prefix_override:/home/amanda/Documents/M8/grupo2/install/navigation/lib/python3.10/site-packages:${PYTHONPATH} /usr/bin/python3 setup.py egg_info --egg-base ../../../../build/navigation build --build-base /home/amanda/Documents/M8/grupo2/build/navigation/build install --record /home/amanda/Documents/M8/grupo2/build/navigation/install.log --single-version-externally-managed
