[2.992s] Invoking command in '/home/amanda/Documents/M8/grupo2/src/workspace/src/navigation': PYTHONPATH=/home/amanda/Documents/M8/grupo2/build/navigation/prefix_override:/home/amanda/Documents/M8/grupo2/install/navigation/lib/python3.10/site-packages:${PYTHONPATH} /usr/bin/python3 setup.py egg_info --egg-base ../../../../build/navigation build --build-base /home/amanda/Documents/M8/grupo2/build/navigation/build install --record /home/amanda/Documents/M8/grupo2/build/navigation/install.log --single-version-externally-managed
[3.589s] running egg_info
[3.620s] writing ../../../../build/navigation/navigation.egg-info/PKG-INFO
[3.621s] writing dependency_links to ../../../../build/navigation/navigation.egg-info/dependency_links.txt
[3.621s] writing entry points to ../../../../build/navigation/navigation.egg-info/entry_points.txt
[3.621s] writing requirements to ../../../../build/navigation/navigation.egg-info/requires.txt
[3.622s] writing top-level names to ../../../../build/navigation/navigation.egg-info/top_level.txt
[3.688s] reading manifest file '../../../../build/navigation/navigation.egg-info/SOURCES.txt'
[3.690s] writing manifest file '../../../../build/navigation/navigation.egg-info/SOURCES.txt'
[3.690s] running build
[3.690s] running build_py
[3.691s] copying navigation/navigation.py -> /home/amanda/Documents/M8/grupo2/build/navigation/build/lib/navigation
[3.691s] copying navigation/__init__.py -> /home/amanda/Documents/M8/grupo2/build/navigation/build/lib/navigation
[3.692s] running install
[3.692s] /home/amanda/.local/lib/python3.10/site-packages/setuptools/_distutils/cmd.py:66: SetuptoolsDeprecationWarning: setup.py install is deprecated.
[3.692s] !!
[3.692s] 
[3.693s]         ********************************************************************************
[3.693s]         Please avoid running ``setup.py`` directly.
[3.693s]         Instead, use pypa/build, pypa/installer or other
[3.693s]         standards-based tools.
[3.693s] 
[3.693s]         See https://blog.ganssle.io/articles/2021/10/setup-py-deprecated.html for details.
[3.694s]         ********************************************************************************
[3.694s] 
[3.694s] !!
[3.694s]   self.initialize_options()
[3.702s] running install_lib
[3.735s] running install_data
[3.767s] copying resource/navigation -> /home/amanda/Documents/M8/grupo2/install/navigation/share/ament_index/resource_index/packages
[3.768s] copying package.xml -> /home/amanda/Documents/M8/grupo2/install/navigation/share/navigation
[3.768s] running install_egg_info
[3.799s] removing '/home/amanda/Documents/M8/grupo2/install/navigation/lib/python3.10/site-packages/navigation-0.0.0-py3.10.egg-info' (and everything under it)
[3.799s] Copying ../../../../build/navigation/navigation.egg-info to /home/amanda/Documents/M8/grupo2/install/navigation/lib/python3.10/site-packages/navigation-0.0.0-py3.10.egg-info
[3.800s] running install_scripts
[3.892s] Installing navigation script to /home/amanda/Documents/M8/grupo2/install/navigation/lib/navigation
[3.892s] writing list of installed files to '/home/amanda/Documents/M8/grupo2/build/navigation/install.log'
[4.042s] Invoked command in '/home/amanda/Documents/M8/grupo2/src/workspace/src/navigation' returned '0': PYTHONPATH=/home/amanda/Documents/M8/grupo2/build/navigation/prefix_override:/home/amanda/Documents/M8/grupo2/install/navigation/lib/python3.10/site-packages:${PYTHONPATH} /usr/bin/python3 setup.py egg_info --egg-base ../../../../build/navigation build --build-base /home/amanda/Documents/M8/grupo2/build/navigation/build install --record /home/amanda/Documents/M8/grupo2/build/navigation/install.log --single-version-externally-managed
