[2.011s] DEBUG:colcon:Command line arguments: ['/usr/bin/colcon', 'build']
[2.011s] DEBUG:colcon:Parsed command line arguments: Namespace(log_base=None, log_level=None, verb_name='build', build_base='build', install_base='install', merge_install=False, symlink_install=False, test_result_base=None, continue_on_error=False, executor='parallel', parallel_workers=8, event_handlers=None, ignore_user_meta=False, metas=['./colcon.meta'], base_paths=['.'], packages_ignore=None, packages_ignore_regex=None, paths=None, packages_up_to=None, packages_up_to_regex=None, packages_above=None, packages_above_and_dependencies=None, packages_above_depth=None, packages_select_by_dep=None, packages_skip_by_dep=None, packages_skip_up_to=None, packages_select_build_failed=False, packages_skip_build_finished=False, packages_select_test_failures=False, packages_skip_test_passed=False, packages_select=None, packages_skip=None, packages_select_regex=None, packages_skip_regex=None, packages_start=None, packages_end=None, allow_overriding=[], cmake_args=None, cmake_target=None, cmake_target_skip_unavailable=False, cmake_clean_cache=False, cmake_clean_first=False, cmake_force_configure=False, ament_cmake_args=None, catkin_cmake_args=None, catkin_skip_building_tests=False, verb_parser=<colcon_defaults.argument_parser.defaults.DefaultArgumentsDecorator object at 0x7fdbe72b8b80>, verb_extension=<colcon_core.verb.build.BuildVerb object at 0x7fdbe72b81c0>, main=<bound method BuildVerb.main of <colcon_core.verb.build.BuildVerb object at 0x7fdbe72b81c0>>)
[2.165s] Level 1:colcon.colcon_core.package_discovery:discover_packages(colcon_meta) check parameters
[2.165s] Level 1:colcon.colcon_core.package_discovery:discover_packages(recursive) check parameters
[2.165s] Level 1:colcon.colcon_core.package_discovery:discover_packages(ignore) check parameters
[2.165s] Level 1:colcon.colcon_core.package_discovery:discover_packages(path) check parameters
[2.165s] Level 1:colcon.colcon_core.package_discovery:discover_packages(colcon_meta) discover
[2.165s] Level 1:colcon.colcon_core.package_discovery:discover_packages(recursive) discover
[2.165s] INFO:colcon.colcon_core.package_discovery:Crawling recursively for packages in '/home/antonio/Documents/grupo2/src/workspace/src/central'
[2.166s] Level 1:colcon.colcon_core.package_identification:_identify(.) by extensions ['ignore', 'ignore_ament_install']
[2.166s] Level 1:colcon.colcon_core.package_identification:_identify(.) by extension 'ignore'
[2.166s] Level 1:colcon.colcon_core.package_identification:_identify(.) by extension 'ignore_ament_install'
[2.166s] Level 1:colcon.colcon_core.package_identification:_identify(.) by extensions ['colcon_pkg']
[2.166s] Level 1:colcon.colcon_core.package_identification:_identify(.) by extension 'colcon_pkg'
[2.166s] Level 1:colcon.colcon_core.package_identification:_identify(.) by extensions ['colcon_meta']
[2.166s] Level 1:colcon.colcon_core.package_identification:_identify(.) by extension 'colcon_meta'
[2.166s] Level 1:colcon.colcon_core.package_identification:_identify(.) by extensions ['ros']
[2.166s] Level 1:colcon.colcon_core.package_identification:_identify(.) by extension 'ros'
[2.193s] DEBUG:colcon.colcon_core.package_identification:Package '.' with type 'ros.ament_python' and name 'central'
[2.194s] Level 1:colcon.colcon_core.package_discovery:discover_packages(recursive) using defaults
[2.194s] Level 1:colcon.colcon_core.package_discovery:discover_packages(ignore) discover
[2.194s] Level 1:colcon.colcon_core.package_discovery:discover_packages(ignore) using defaults
[2.194s] Level 1:colcon.colcon_core.package_discovery:discover_packages(path) discover
[2.194s] Level 1:colcon.colcon_core.package_discovery:discover_packages(path) using defaults
[2.372s] Level 1:colcon.colcon_core.package_discovery:discover_packages(prefix_path) check parameters
[2.372s] Level 1:colcon.colcon_core.package_discovery:discover_packages(prefix_path) discover
[2.426s] DEBUG:colcon.colcon_installed_package_information.package_discovery:Found 398 installed packages in /opt/ros/humble
[2.430s] Level 1:colcon.colcon_core.package_discovery:discover_packages(prefix_path) using defaults
[2.631s] Level 5:colcon.colcon_core.verb:set package 'central' build argument 'cmake_args' from command line to 'None'
[2.631s] Level 5:colcon.colcon_core.verb:set package 'central' build argument 'cmake_target' from command line to 'None'
[2.631s] Level 5:colcon.colcon_core.verb:set package 'central' build argument 'cmake_target_skip_unavailable' from command line to 'False'
[2.631s] Level 5:colcon.colcon_core.verb:set package 'central' build argument 'cmake_clean_cache' from command line to 'False'
[2.631s] Level 5:colcon.colcon_core.verb:set package 'central' build argument 'cmake_clean_first' from command line to 'False'
[2.631s] Level 5:colcon.colcon_core.verb:set package 'central' build argument 'cmake_force_configure' from command line to 'False'
[2.631s] Level 5:colcon.colcon_core.verb:set package 'central' build argument 'ament_cmake_args' from command line to 'None'
[2.631s] Level 5:colcon.colcon_core.verb:set package 'central' build argument 'catkin_cmake_args' from command line to 'None'
[2.632s] Level 5:colcon.colcon_core.verb:set package 'central' build argument 'catkin_skip_building_tests' from command line to 'False'
[2.632s] DEBUG:colcon.colcon_core.verb:Building package 'central' with the following arguments: {'ament_cmake_args': None, 'build_base': '/home/antonio/Documents/grupo2/src/workspace/src/central/build/central', 'catkin_cmake_args': None, 'catkin_skip_building_tests': False, 'cmake_args': None, 'cmake_clean_cache': False, 'cmake_clean_first': False, 'cmake_force_configure': False, 'cmake_target': None, 'cmake_target_skip_unavailable': False, 'install_base': '/home/antonio/Documents/grupo2/src/workspace/src/central/install/central', 'merge_install': False, 'path': '/home/antonio/Documents/grupo2/src/workspace/src/central', 'symlink_install': False, 'test_result_base': None}
[2.654s] INFO:colcon.colcon_core.executor:Executing jobs using 'parallel' executor
[2.678s] DEBUG:colcon.colcon_parallel_executor.executor.parallel:run_until_complete
[2.679s] INFO:colcon.colcon_ros.task.ament_python.build:Building ROS package in '/home/antonio/Documents/grupo2/src/workspace/src/central' with build type 'ament_python'
[2.679s] Level 1:colcon.colcon_core.shell:create_environment_hook('central', 'ament_prefix_path')
[2.713s] INFO:colcon.colcon_core.plugin_system:Skipping extension 'colcon_core.shell.bat': Not used on non-Windows systems
[2.714s] INFO:colcon.colcon_core.shell:Creating environment hook '/home/antonio/Documents/grupo2/src/workspace/src/central/install/central/share/central/hook/ament_prefix_path.ps1'
[2.715s] INFO:colcon.colcon_core.shell:Creating environment descriptor '/home/antonio/Documents/grupo2/src/workspace/src/central/install/central/share/central/hook/ament_prefix_path.dsv'
[2.716s] INFO:colcon.colcon_core.shell:Creating environment hook '/home/antonio/Documents/grupo2/src/workspace/src/central/install/central/share/central/hook/ament_prefix_path.sh'
[2.742s] INFO:colcon.colcon_core.shell:Skip shell extension 'powershell' for command environment: Not usable outside of PowerShell
[2.742s] DEBUG:colcon.colcon_core.shell:Skip shell extension 'dsv' for command environment
[3.274s] INFO:colcon.colcon_core.task.python.build:Building Python package in '/home/antonio/Documents/grupo2/src/workspace/src/central'
[3.301s] INFO:colcon.colcon_core.shell:Skip shell extension 'powershell' for command environment: Not usable outside of PowerShell
[3.301s] DEBUG:colcon.colcon_core.shell:Skip shell extension 'dsv' for command environment
[4.237s] DEBUG:colcon.colcon_core.event_handler.log_command:Invoking command in '/home/antonio/Documents/grupo2/src/workspace/src/central': PYTHONPATH=/home/antonio/Documents/grupo2/src/workspace/src/central/build/central/prefix_override:/home/antonio/Documents/grupo2/src/workspace/src/central/install/central/lib/python3.10/site-packages:${PYTHONPATH} /usr/bin/python3 setup.py egg_info --egg-base build/central build --build-base /home/antonio/Documents/grupo2/src/workspace/src/central/build/central/build install --record /home/antonio/Documents/grupo2/src/workspace/src/central/build/central/install.log --single-version-externally-managed
[4.759s] DEBUG:colcon.colcon_core.event_handler.log_command:Invoked command in '/home/antonio/Documents/grupo2/src/workspace/src/central' returned '0': PYTHONPATH=/home/antonio/Documents/grupo2/src/workspace/src/central/build/central/prefix_override:/home/antonio/Documents/grupo2/src/workspace/src/central/install/central/lib/python3.10/site-packages:${PYTHONPATH} /usr/bin/python3 setup.py egg_info --egg-base build/central build --build-base /home/antonio/Documents/grupo2/src/workspace/src/central/build/central/build install --record /home/antonio/Documents/grupo2/src/workspace/src/central/build/central/install.log --single-version-externally-managed
[4.797s] Level 1:colcon.colcon_core.environment:checking '/home/antonio/Documents/grupo2/src/workspace/src/central/install/central' for CMake module files
[4.798s] Level 1:colcon.colcon_core.environment:checking '/home/antonio/Documents/grupo2/src/workspace/src/central/install/central' for CMake config files
[4.799s] Level 1:colcon.colcon_core.environment:checking '/home/antonio/Documents/grupo2/src/workspace/src/central/install/central/lib'
[4.799s] Level 1:colcon.colcon_core.environment:checking '/home/antonio/Documents/grupo2/src/workspace/src/central/install/central/bin'
[4.799s] Level 1:colcon.colcon_core.environment:checking '/home/antonio/Documents/grupo2/src/workspace/src/central/install/central/lib/pkgconfig/central.pc'
[4.800s] Level 1:colcon.colcon_core.environment:checking '/home/antonio/Documents/grupo2/src/workspace/src/central/install/central/lib/python3.10/site-packages'
[4.800s] Level 1:colcon.colcon_core.shell:create_environment_hook('central', 'pythonpath')
[4.826s] INFO:colcon.colcon_core.shell:Creating environment hook '/home/antonio/Documents/grupo2/src/workspace/src/central/install/central/share/central/hook/pythonpath.ps1'
[4.827s] INFO:colcon.colcon_core.shell:Creating environment descriptor '/home/antonio/Documents/grupo2/src/workspace/src/central/install/central/share/central/hook/pythonpath.dsv'
[4.827s] INFO:colcon.colcon_core.shell:Creating environment hook '/home/antonio/Documents/grupo2/src/workspace/src/central/install/central/share/central/hook/pythonpath.sh'
[4.828s] Level 1:colcon.colcon_core.environment:checking '/home/antonio/Documents/grupo2/src/workspace/src/central/install/central/bin'
[4.828s] Level 1:colcon.colcon_core.environment:create_environment_scripts_only(central)
[4.854s] INFO:colcon.colcon_core.shell:Creating package script '/home/antonio/Documents/grupo2/src/workspace/src/central/install/central/share/central/package.ps1'
[4.857s] INFO:colcon.colcon_core.shell:Creating package descriptor '/home/antonio/Documents/grupo2/src/workspace/src/central/install/central/share/central/package.dsv'
[4.858s] INFO:colcon.colcon_core.shell:Creating package script '/home/antonio/Documents/grupo2/src/workspace/src/central/install/central/share/central/package.sh'
[4.860s] INFO:colcon.colcon_core.shell:Creating package script '/home/antonio/Documents/grupo2/src/workspace/src/central/install/central/share/central/package.bash'
[4.861s] INFO:colcon.colcon_core.shell:Creating package script '/home/antonio/Documents/grupo2/src/workspace/src/central/install/central/share/central/package.zsh'
[4.864s] Level 1:colcon.colcon_core.environment:create_file_with_runtime_dependencies(/home/antonio/Documents/grupo2/src/workspace/src/central/install/central/share/colcon-core/packages/central)
[4.864s] DEBUG:colcon.colcon_parallel_executor.executor.parallel:closing loop
[4.865s] DEBUG:colcon.colcon_parallel_executor.executor.parallel:loop closed
[4.865s] DEBUG:colcon.colcon_parallel_executor.executor.parallel:run_until_complete finished with '0'
[4.865s] DEBUG:colcon.colcon_core.event_reactor:joining thread
[4.900s] INFO:colcon.colcon_core.plugin_system:Skipping extension 'colcon_notification.desktop_notification.terminal_notifier': Not used on non-Darwin systems
[4.900s] INFO:colcon.colcon_core.plugin_system:Skipping extension 'colcon_notification.desktop_notification.win32': Not used on non-Windows systems
[4.900s] INFO:colcon.colcon_notification.desktop_notification:Sending desktop notification using 'notify2'
[4.956s] DEBUG:colcon.colcon_core.event_reactor:joined thread
[4.983s] INFO:colcon.colcon_core.shell:Creating prefix script '/home/antonio/Documents/grupo2/src/workspace/src/central/install/local_setup.ps1'
[4.986s] INFO:colcon.colcon_core.shell:Creating prefix util module '/home/antonio/Documents/grupo2/src/workspace/src/central/install/_local_setup_util_ps1.py'
[4.989s] INFO:colcon.colcon_core.shell:Creating prefix chain script '/home/antonio/Documents/grupo2/src/workspace/src/central/install/setup.ps1'
[5.016s] INFO:colcon.colcon_core.shell:Creating prefix script '/home/antonio/Documents/grupo2/src/workspace/src/central/install/local_setup.sh'
[5.018s] INFO:colcon.colcon_core.shell:Creating prefix util module '/home/antonio/Documents/grupo2/src/workspace/src/central/install/_local_setup_util_sh.py'
[5.019s] INFO:colcon.colcon_core.shell:Creating prefix chain script '/home/antonio/Documents/grupo2/src/workspace/src/central/install/setup.sh'
[5.046s] INFO:colcon.colcon_core.shell:Creating prefix script '/home/antonio/Documents/grupo2/src/workspace/src/central/install/local_setup.bash'
[5.047s] INFO:colcon.colcon_core.shell:Creating prefix chain script '/home/antonio/Documents/grupo2/src/workspace/src/central/install/setup.bash'
[5.074s] INFO:colcon.colcon_core.shell:Creating prefix script '/home/antonio/Documents/grupo2/src/workspace/src/central/install/local_setup.zsh'
[5.076s] INFO:colcon.colcon_core.shell:Creating prefix chain script '/home/antonio/Documents/grupo2/src/workspace/src/central/install/setup.zsh'
