running egg_info
creating ../../../../build/navigation/navigation.egg-info
writing ../../../../build/navigation/navigation.egg-info/PKG-INFO
writing dependency_links to ../../../../build/navigation/navigation.egg-info/dependency_links.txt
writing entry points to ../../../../build/navigation/navigation.egg-info/entry_points.txt
writing requirements to ../../../../build/navigation/navigation.egg-info/requires.txt
writing top-level names to ../../../../build/navigation/navigation.egg-info/top_level.txt
writing manifest file '../../../../build/navigation/navigation.egg-info/SOURCES.txt'
reading manifest file '../../../../build/navigation/navigation.egg-info/SOURCES.txt'
writing manifest file '../../../../build/navigation/navigation.egg-info/SOURCES.txt'
running build
running build_py
creating /home/amanda/Documents/M8/grupo2/build/navigation/build
creating /home/amanda/Documents/M8/grupo2/build/navigation/build/lib
creating /home/amanda/Documents/M8/grupo2/build/navigation/build/lib/navigation
copying navigation/navigation.py -> /home/amanda/Documents/M8/grupo2/build/navigation/build/lib/navigation
copying navigation/__init__.py -> /home/amanda/Documents/M8/grupo2/build/navigation/build/lib/navigation
running install
/home/amanda/.local/lib/python3.10/site-packages/setuptools/_distutils/cmd.py:66: SetuptoolsDeprecationWarning: setup.py install is deprecated.
!!

        ********************************************************************************
        Please avoid running ``setup.py`` directly.
        Instead, use pypa/build, pypa/installer or other
        standards-based tools.

        See https://blog.ganssle.io/articles/2021/10/setup-py-deprecated.html for details.
        ********************************************************************************

!!
  self.initialize_options()
running install_lib
creating /home/amanda/Documents/M8/grupo2/install/navigation/lib/python3.10/site-packages/navigation
copying /home/amanda/Documents/M8/grupo2/build/navigation/build/lib/navigation/navigation.py -> /home/amanda/Documents/M8/grupo2/install/navigation/lib/python3.10/site-packages/navigation
copying /home/amanda/Documents/M8/grupo2/build/navigation/build/lib/navigation/__init__.py -> /home/amanda/Documents/M8/grupo2/install/navigation/lib/python3.10/site-packages/navigation
byte-compiling /home/amanda/Documents/M8/grupo2/install/navigation/lib/python3.10/site-packages/navigation/navigation.py to navigation.cpython-310.pyc
byte-compiling /home/amanda/Documents/M8/grupo2/install/navigation/lib/python3.10/site-packages/navigation/__init__.py to __init__.cpython-310.pyc
running install_data
creating /home/amanda/Documents/M8/grupo2/install/navigation/share/ament_index
creating /home/amanda/Documents/M8/grupo2/install/navigation/share/ament_index/resource_index
creating /home/amanda/Documents/M8/grupo2/install/navigation/share/ament_index/resource_index/packages
copying resource/navigation -> /home/amanda/Documents/M8/grupo2/install/navigation/share/ament_index/resource_index/packages
copying package.xml -> /home/amanda/Documents/M8/grupo2/install/navigation/share/navigation
running install_egg_info
Copying ../../../../build/navigation/navigation.egg-info to /home/amanda/Documents/M8/grupo2/install/navigation/lib/python3.10/site-packages/navigation-0.0.0-py3.10.egg-info
running install_scripts
Installing navigation script to /home/amanda/Documents/M8/grupo2/install/navigation/lib/navigation
writing list of installed files to '/home/amanda/Documents/M8/grupo2/build/navigation/install.log'
