running egg_info
creating ../../../../build/navigation/navigation.egg-info
writing ../../../../build/navigation/navigation.egg-info/PKG-INFO
writing dependency_links to ../../../../build/navigation/navigation.egg-info/dependency_links.txt
writing entry points to ../../../../build/navigation/navigation.egg-info/entry_points.txt
writing requirements to ../../../../build/navigation/navigation.egg-info/requires.txt
writing top-level names to ../../../../build/navigation/navigation.egg-info/top_level.txt
writing manifest file '../../../../build/navigation/navigation.egg-info/SOURCES.txt'
reading manifest file '../../../../build/navigation/navigation.egg-info/SOURCES.txt'
writing manifest file '../../../../build/navigation/navigation.egg-info/SOURCES.txt'
running build
running build_py
creating /Users/lyo.quintao/Documents/development/Projects/projeto_ambev/build/navigation/build
creating /Users/lyo.quintao/Documents/development/Projects/projeto_ambev/build/navigation/build/lib
creating /Users/lyo.quintao/Documents/development/Projects/projeto_ambev/build/navigation/build/lib/navigation
copying navigation/navigation_publisher.py -> /Users/lyo.quintao/Documents/development/Projects/projeto_ambev/build/navigation/build/lib/navigation
copying navigation/__init__.py -> /Users/lyo.quintao/Documents/development/Projects/projeto_ambev/build/navigation/build/lib/navigation
copying navigation/navigation.py -> /Users/lyo.quintao/Documents/development/Projects/projeto_ambev/build/navigation/build/lib/navigation
running install
running install_lib
creating /Users/lyo.quintao/Documents/development/Projects/projeto_ambev/install/navigation/lib/python3.10/site-packages/navigation
copying /Users/lyo.quintao/Documents/development/Projects/projeto_ambev/build/navigation/build/lib/navigation/navigation_publisher.py -> /Users/lyo.quintao/Documents/development/Projects/projeto_ambev/install/navigation/lib/python3.10/site-packages/navigation
copying /Users/lyo.quintao/Documents/development/Projects/projeto_ambev/build/navigation/build/lib/navigation/__init__.py -> /Users/lyo.quintao/Documents/development/Projects/projeto_ambev/install/navigation/lib/python3.10/site-packages/navigation
copying /Users/lyo.quintao/Documents/development/Projects/projeto_ambev/build/navigation/build/lib/navigation/navigation.py -> /Users/lyo.quintao/Documents/development/Projects/projeto_ambev/install/navigation/lib/python3.10/site-packages/navigation
byte-compiling /Users/lyo.quintao/Documents/development/Projects/projeto_ambev/install/navigation/lib/python3.10/site-packages/navigation/navigation_publisher.py to navigation_publisher.cpython-310.pyc
byte-compiling /Users/lyo.quintao/Documents/development/Projects/projeto_ambev/install/navigation/lib/python3.10/site-packages/navigation/__init__.py to __init__.cpython-310.pyc
byte-compiling /Users/lyo.quintao/Documents/development/Projects/projeto_ambev/install/navigation/lib/python3.10/site-packages/navigation/navigation.py to navigation.cpython-310.pyc
running install_data
creating /Users/lyo.quintao/Documents/development/Projects/projeto_ambev/install/navigation/share/ament_index
creating /Users/lyo.quintao/Documents/development/Projects/projeto_ambev/install/navigation/share/ament_index/resource_index
creating /Users/lyo.quintao/Documents/development/Projects/projeto_ambev/install/navigation/share/ament_index/resource_index/packages
copying resource/navigation -> /Users/lyo.quintao/Documents/development/Projects/projeto_ambev/install/navigation/share/ament_index/resource_index/packages
copying package.xml -> /Users/lyo.quintao/Documents/development/Projects/projeto_ambev/install/navigation/share/navigation
running install_egg_info
Copying ../../../../build/navigation/navigation.egg-info to /Users/lyo.quintao/Documents/development/Projects/projeto_ambev/install/navigation/lib/python3.10/site-packages/navigation-0.0.0-py3.10.egg-info
running install_scripts
Installing waypoint_listener script to /Users/lyo.quintao/Documents/development/Projects/projeto_ambev/install/navigation/lib/navigation
Installing waypoint_publisher script to /Users/lyo.quintao/Documents/development/Projects/projeto_ambev/install/navigation/lib/navigation
writing list of installed files to '/Users/lyo.quintao/Documents/development/Projects/projeto_ambev/build/navigation/install.log'
